#
# A fatal error has been detected by the Java Runtime Environment:
#
#  SIGSEGV (0xb) at pc=0x00007fe7b42a4658, pid=40476, tid=0x00007fe7b2874700
#
# JRE version: OpenJDK Runtime Environment (8.0_265-b01) (build 1.8.0_265-8u265-b01-0ubuntu2~20.04-b01)
# Java VM: OpenJDK 64-Bit Server VM (25.265-b01 mixed mode linux-amd64 compressed oops)
# Problematic frame:
# V  [libjvm.so+0x959658]
#
# Failed to write core dump. Core dumps have been disabled. To enable core dumping, try "ulimit -c unlimited" before starting Java again
#
# If you would like to submit a bug report, please visit:
#   http://bugreport.java.com/bugreport/crash.jsp
#

---------------  T H R E A D  ---------------

Current thread (0x00007fe7ac028000):  GCTaskThread [stack: 0x00007fe7b2775000,0x00007fe7b2875000] [id=40486]

siginfo: si_signo: 11 (SIGSEGV), si_code: 128 (SI_KERNEL), si_addr: 0x0000000000000000

Registers:
RAX=0x00007fe79d437942, RBX=0x00007fe79d437942, RCX=0x0000000000000000, RDX=0x0000000000000001
RSP=0x00007fe7b2873b60, RBP=0x00007fe7b2873b70, RSI=0x0000ef0846b0b948, RDI=0x00007fe7b2873d10
R8 =0x00007fe79d437942, R9 =0x00000000000001f0, R10=0x0000000000000001, R11=0x0000000000000052
R12=0x00007fe7b466d9d0, R13=0x00007fe7b2873c00, R14=0x00007fe79d436210, R15=0x00007fe7b42a4630
RIP=0x00007fe7b42a4658, EFLAGS=0x0000000000010206, CSGSFS=0x002b000000000033, ERR=0x0000000000000000
  TRAPNO=0x000000000000000d

Top of Stack: (sp=0x00007fe7b2873b60)
0x00007fe7b2873b60:   00007fe7b2873d10 00007fe7b2873b90
0x00007fe7b2873b70:   00007fe7b2873c60 00007fe7b41fd558
0x00007fe7b2873b80:   00007fe7b2873bb0 0000000000000001
0x00007fe7b2873b90:   0000000000000000 00007fe79d436432
0x00007fe7b2873ba0:   00007fe79d436668 00007fe79d436210
0x00007fe7b2873bb0:   00007fe79d437940 00007fe79d43a7c0
0x00007fe7b2873bc0:   00007fe79d43a7c0 00007fe79d000000
0x00007fe7b2873bd0:   00007fe79d436680 00007fe79d436680
0x00007fe7b2873be0:   00007fe79d438aa0 00007fe79d436680
0x00007fe7b2873bf0:   00007fe79d438aa0 00007fe79d438ca8
0x00007fe7b2873c00:   00007fe7b45abeb8 00007fe7b2873b90
0x00007fe7b2873c10:   0000000000000000 00007fe79d43bfa8
0x00007fe7b2873c20:   00007fe7b45abeb8 25d0fa177a478600
0x00007fe7b2873c30:   0000000000000000 00007fe7b2873d30
0x00007fe7b2873c40:   00007fe79d436210 00007fe7b3da6ae0
0x00007fe7b2873c50:   00007fe79d43a490 00007fe79d436210
0x00007fe7b2873c60:   00007fe7b2873c80 00007fe7b3fb34d6
0x00007fe7b2873c70:   00007fe7b2873d30 0000000000000001
0x00007fe7b2873c80:   00007fe7b2873cd0 00007fe7b3da5af4
0x00007fe7b2873c90:   00007fe7b2873cf0 00007fe79d436210
0x00007fe7b2873ca0:   00007fe7b46638a8 00007fe7503296f0
0x00007fe7b2873cb0:   00007fe7ac07d0c0 00007fe7ac028000
0x00007fe7b2873cc0:   00007fe7b46638a8 0000000000000001
0x00007fe7b2873cd0:   00007fe7b2873da0 00007fe7b42a34ab
0x00007fe7b2873ce0:   00007fe7b2873d20 00007fe7b43dcf2d
0x00007fe7b2873cf0:   00007fe7b45abba8 00007fe750329500
0x00007fe7b2873d00:   00007fe7ac07d0c0 00007fe7b2873d30
0x00007fe7b2873d10:   00007fe7b45abc20 0000000000000000
0x00007fe7b2873d20:   00007fe7ac07d0c0 00007fe7ac028000
0x00007fe7b2873d30:   00007fe7b45a8df8 00007fe7ac01ef00
0x00007fe7b2873d40:   00007fe7b2873d10 00007fe7b41f3e01
0x00007fe7b2873d50:   00007fe7ac01ef10 00007fe7ac01ef10 

Instructions: (pc=0x00007fe7b42a4658)
0x00007fe7b42a4638:   41 54 4c 8d 25 8f 93 3c 00 53 48 89 f3 48 8b 36
0x00007fe7b42a4648:   49 3b 34 24 73 0a 5b 41 5c 5d c3 0f 1f 44 00 00
0x00007fe7b42a4658:   48 8b 06 83 e0 03 48 83 f8 03 75 74 48 8d 15 85
0x00007fe7b42a4668:   12 39 00 48 8b 06 80 3a 00 74 0c 48 89 c2 83 e2 

Register to memory mapping:

RAX=0x00007fe79d437942 is at entry_point+4802 in (nmethod*)0x00007fe79d436210
RBX=0x00007fe79d437942 is at entry_point+4802 in (nmethod*)0x00007fe79d436210
RCX=0x0000000000000000 is an unknown value
RDX=0x0000000000000001 is an unknown value
RSP=0x00007fe7b2873b60 is an unknown value
RBP=0x00007fe7b2873b70 is an unknown value
RSI=0x0000ef0846b0b948 is an unknown value
RDI=0x00007fe7b2873d10 is an unknown value
R8 =0x00007fe79d437942 is at entry_point+4802 in (nmethod*)0x00007fe79d436210
R9 =0x00000000000001f0 is an unknown value
R10=0x0000000000000001 is an unknown value
R11=0x0000000000000052 is an unknown value
R12=0x00007fe7b466d9d0: <offset 0xd229d0> in /usr/lib/jvm/java-8-openjdk-amd64/jre/lib/amd64/server/libjvm.so at 0x00007fe7b394b000
R13=0x00007fe7b2873c00 is an unknown value
R14=0x00007fe79d436210 is at entry_point+-1136 in (nmethod*)0x00007fe79d436210
R15=0x00007fe7b42a4630: <offset 0x959630> in /usr/lib/jvm/java-8-openjdk-amd64/jre/lib/amd64/server/libjvm.so at 0x00007fe7b394b000


Stack: [0x00007fe7b2775000,0x00007fe7b2875000],  sp=0x00007fe7b2873b60,  free space=1018k
Native frames: (J=compiled Java code, j=interpreted, Vv=VM code, C=native code)
V  [libjvm.so+0x959658]
V  [libjvm.so+0x8b2558]
V  [libjvm.so+0x6684d6]
V  [libjvm.so+0x45aaf4]
V  [libjvm.so+0x9584ab]
V  [libjvm.so+0x5ac78b]
V  [libjvm.so+0x8e3390]


---------------  P R O C E S S  ---------------

Java Threads: ( => current thread )
  0x00007fe72c18a800 JavaThread "Cache worker for file hash cache (/home/zilu/Documents/swadhyay/slate/android/.gradle/4.1/fileHashes)" [_thread_blocked, id=40511, stack(0x00007fe78f7fc000,0x00007fe78f8fd000)]
  0x00007fe72c11f000 JavaThread "File lock request listener" [_thread_in_native, id=40510, stack(0x00007fe78fafd000,0x00007fe78fbfe000)]
  0x00007fe72c104000 JavaThread "Cache worker for file hash cache (/home/zilu/.gradle/caches/4.1/fileHashes)" [_thread_blocked, id=40509, stack(0x00007fe78fbfe000,0x00007fe78fcff000)]
  0x00007fe72c016800 JavaThread "Stdin handler" [_thread_blocked, id=40508, stack(0x00007fe78fcff000,0x00007fe78fe00000)]
  0x00007fe72c011800 JavaThread "Asynchronous log dispatcher for DefaultDaemonConnection: socket connection from /0:0:0:0:0:0:0:1:34783 to /0:0:0:0:0:0:0:1:35226" [_thread_blocked, id=40507, stack(0x00007fe7940e4000,0x00007fe7941e5000)]
  0x00007fe73000b000 JavaThread "Daemon worker" [_thread_blocked, id=40504, stack(0x00007fe7941e5000,0x00007fe7942e6000)]
  0x00007fe730008800 JavaThread "Cancel handler" [_thread_blocked, id=40503, stack(0x00007fe7942e6000,0x00007fe7943e7000)]
  0x00007fe730004000 JavaThread "Handler for socket connection from /0:0:0:0:0:0:0:1:34783 to /0:0:0:0:0:0:0:1:35226" [_thread_in_native, id=40502, stack(0x00007fe7943e7000,0x00007fe7944e8000)]
  0x00007fe738019800 JavaThread "Daemon" [_thread_blocked, id=40501, stack(0x00007fe7944e8000,0x00007fe7945e9000)]
  0x00007fe7acef2800 JavaThread "Daemon periodic checks" [_thread_blocked, id=40500, stack(0x00007fe7945e9000,0x00007fe7946ea000)]
  0x00007fe7aced9800 JavaThread "Incoming local TCP Connector on port 34783" [_thread_in_native, id=40499, stack(0x00007fe7946f1000,0x00007fe7947f2000)]
  0x00007fe7ac0d1800 JavaThread "Service Thread" daemon [_thread_blocked, id=40497, stack(0x00007fe7953ea000,0x00007fe7954eb000)]
  0x00007fe7ac0c6800 JavaThread "C1 CompilerThread3" daemon [_thread_blocked, id=40496, stack(0x00007fe7954ec000,0x00007fe7955ec000)]
  0x00007fe7ac0c4800 JavaThread "C2 CompilerThread2" daemon [_thread_in_native, id=40495, stack(0x00007fe7955ed000,0x00007fe7956ed000)]
  0x00007fe7ac0c2800 JavaThread "C2 CompilerThread1" daemon [_thread_in_native, id=40494, stack(0x00007fe7956ee000,0x00007fe7957ee000)]
  0x00007fe7ac0bf800 JavaThread "C2 CompilerThread0" daemon [_thread_in_native, id=40493, stack(0x00007fe7957ef000,0x00007fe7958ef000)]
  0x00007fe7ac0bb800 JavaThread "Signal Dispatcher" daemon [_thread_blocked, id=40492, stack(0x00007fe7958ef000,0x00007fe7959f0000)]
  0x00007fe7ac08e000 JavaThread "Finalizer" daemon [_thread_blocked, id=40491, stack(0x00007fe7968e9000,0x00007fe7969ea000)]
  0x00007fe7ac089800 JavaThread "Reference Handler" daemon [_thread_blocked, id=40490, stack(0x00007fe7969ea000,0x00007fe796aeb000)]
  0x00007fe7ac00a800 JavaThread "main" [_thread_blocked, id=40478, stack(0x00007fe7b3500000,0x00007fe7b3600000)]

Other Threads:
  0x00007fe7ac080000 VMThread [stack: 0x00007fe796aec000,0x00007fe796bec000] [id=40489]
  0x00007fe7ac0d4000 WatcherThread [stack: 0x00007fe7952ea000,0x00007fe7953ea000] [id=40498]

=>0x00007fe7ac028000 (exited) GCTaskThread [stack: 0x00007fe7b2775000,0x00007fe7b2875000] [id=40486]

VM state:at safepoint (normal execution)

VM Mutex/Monitor currently owned by a thread:  ([mutex/lock_event])
[0x00007fe7ac007f90] Threads_lock - owner thread: 0x00007fe7ac080000
[0x00007fe7ac008490] Heap_lock - owner thread: 0x00007fe73000b000

heap address: 0x00000000c0000000, size: 1024 MB, Compressed Oops mode: 32-bit
Narrow klass base: 0x0000000000000000, Narrow klass shift: 3
Compressed class space size: 1073741824 Address: 0x0000000100000000

Heap:
 PSYoungGen      total 68608K, used 68521K [0x00000000eab00000, 0x00000000ef300000, 0x0000000100000000)
  eden space 63488K, 100% used [0x00000000eab00000,0x00000000ee900000,0x00000000ee900000)
  from space 5120K, 98% used [0x00000000eee00000,0x00000000ef2ea7a8,0x00000000ef300000)
  to   space 5120K, 99% used [0x00000000ee900000,0x00000000eedf8030,0x00000000eee00000)
 ParOldGen       total 84992K, used 372K [0x00000000c0000000, 0x00000000c5300000, 0x00000000eab00000)
  object space 84992K, 0% used [0x00000000c0000000,0x00000000c005d010,0x00000000c5300000)
 Metaspace       used 17340K, capacity 17626K, committed 17920K, reserved 1064960K
  class space    used 2419K, capacity 2529K, committed 2560K, reserved 1048576K

Card table byte_map: [0x00007fe7b2ed0000,0x00007fe7b30d1000] byte_map_base: 0x00007fe7b28d0000

Marking Bits: (ParMarkBitMap*) 0x00007fe7b466d520
 Begin Bits: [0x00007fe7b0572000, 0x00007fe7b1572000)
 End Bits:   [0x00007fe7b1572000, 0x00007fe7b2572000)

Polling page: 0x00007fe7b4916000

CodeCache: size=245760Kb used=4571Kb max_used=4571Kb free=241188Kb
 bounds [0x00007fe79d000000, 0x00007fe79d480000, 0x00007fe7ac000000]
 total_blobs=1769 nmethods=1398 adapters=285
 compilation: enabled

Compilation events (10 events):
Event: 1.844 Thread 0x00007fe7ac0c6800 1399       3       java.lang.Class$MethodArray::<init> (38 bytes)
Event: 1.844 Thread 0x00007fe7ac0c6800 nmethod 1399 0x00007fe79d476050 code [0x00007fe79d4761e0, 0x00007fe79d476548]
Event: 1.846 Thread 0x00007fe7ac0c6800 1404       3       org.codehaus.groovy.util.LockableObject::<init> (5 bytes)
Event: 1.847 Thread 0x00007fe7ac0c6800 nmethod 1404 0x00007fe79d475b50 code [0x00007fe79d475cc0, 0x00007fe79d475f30]
Event: 1.847 Thread 0x00007fe7ac0c6800 1405       3       java.lang.Class::copyMethods (36 bytes)
Event: 1.848 Thread 0x00007fe7ac0c6800 nmethod 1405 0x00007fe79d474a50 code [0x00007fe79d474c40, 0x00007fe79d475638]
Event: 1.848 Thread 0x00007fe7ac0c6800 1406       3       org.codehaus.groovy.reflection.CachedClass::getInterfaces (11 bytes)
Event: 1.848 Thread 0x00007fe7ac0c6800 nmethod 1406 0x00007fe79d474510 code [0x00007fe79d474680, 0x00007fe79d474988]
Event: 1.848 Thread 0x00007fe7ac0c6800 1407       3       org.codehaus.groovy.util.ReferenceType$1::createReference (11 bytes)
Event: 1.849 Thread 0x00007fe7ac0c6800 nmethod 1407 0x00007fe79d473d90 code [0x00007fe79d473f20, 0x00007fe79d474330]

GC Heap History (5 events):
Event: 0.558 GC heap before
{Heap before GC invocations=1 (full 0):
 PSYoungGen      total 36864K, used 31744K [0x00000000eab00000, 0x00000000ed400000, 0x0000000100000000)
  eden space 31744K, 100% used [0x00000000eab00000,0x00000000eca00000,0x00000000eca00000)
  from space 5120K, 0% used [0x00000000ecf00000,0x00000000ecf00000,0x00000000ed400000)
  to   space 5120K, 0% used [0x00000000eca00000,0x00000000eca00000,0x00000000ecf00000)
 ParOldGen       total 84992K, used 0K [0x00000000c0000000, 0x00000000c5300000, 0x00000000eab00000)
  object space 84992K, 0% used [0x00000000c0000000,0x00000000c0000000,0x00000000c5300000)
 Metaspace       used 6627K, capacity 6832K, committed 7040K, reserved 1056768K
  class space    used 806K, capacity 876K, committed 896K, reserved 1048576K
Event: 0.564 GC heap after
Heap after GC invocations=1 (full 0):
 PSYoungGen      total 36864K, used 3849K [0x00000000eab00000, 0x00000000ef300000, 0x0000000100000000)
  eden space 31744K, 0% used [0x00000000eab00000,0x00000000eab00000,0x00000000eca00000)
  from space 5120K, 75% used [0x00000000eca00000,0x00000000ecdc25a8,0x00000000ecf00000)
  to   space 5120K, 0% used [0x00000000eee00000,0x00000000eee00000,0x00000000ef300000)
 ParOldGen       total 84992K, used 8K [0x00000000c0000000, 0x00000000c5300000, 0x00000000eab00000)
  object space 84992K, 0% used [0x00000000c0000000,0x00000000c0002000,0x00000000c5300000)
 Metaspace       used 6627K, capacity 6832K, committed 7040K, reserved 1056768K
  class space    used 806K, capacity 876K, committed 896K, reserved 1048576K
}
Event: 1.004 GC heap before
{Heap before GC invocations=2 (full 0):
 PSYoungGen      total 36864K, used 35593K [0x00000000eab00000, 0x00000000ef300000, 0x0000000100000000)
  eden space 31744K, 100% used [0x00000000eab00000,0x00000000eca00000,0x00000000eca00000)
  from space 5120K, 75% used [0x00000000eca00000,0x00000000ecdc25a8,0x00000000ecf00000)
  to   space 5120K, 0% used [0x00000000eee00000,0x00000000eee00000,0x00000000ef300000)
 ParOldGen       total 84992K, used 8K [0x00000000c0000000, 0x00000000c5300000, 0x00000000eab00000)
  object space 84992K, 0% used [0x00000000c0000000,0x00000000c0002000,0x00000000c5300000)
 Metaspace       used 10735K, capacity 10986K, committed 11136K, reserved 1058816K
  class space    used 1426K, capacity 1551K, committed 1664K, reserved 1048576K
Event: 1.013 GC heap after
Heap after GC invocations=2 (full 0):
 PSYoungGen      total 68608K, used 5033K [0x00000000eab00000, 0x00000000ef300000, 0x0000000100000000)
  eden space 63488K, 0% used [0x00000000eab00000,0x00000000eab00000,0x00000000ee900000)
  from space 5120K, 98% used [0x00000000eee00000,0x00000000ef2ea7a8,0x00000000ef300000)
  to   space 5120K, 0% used [0x00000000ee900000,0x00000000ee900000,0x00000000eee00000)
 ParOldGen       total 84992K, used 16K [0x00000000c0000000, 0x00000000c5300000, 0x00000000eab00000)
  object space 84992K, 0% used [0x00000000c0000000,0x00000000c0004000,0x00000000c5300000)
 Metaspace       used 10735K, capacity 10986K, committed 11136K, reserved 1058816K
  class space    used 1426K, capacity 1551K, committed 1664K, reserved 1048576K
}
Event: 1.878 GC heap before
{Heap before GC invocations=3 (full 0):
 PSYoungGen      total 68608K, used 68521K [0x00000000eab00000, 0x00000000ef300000, 0x0000000100000000)
  eden space 63488K, 100% used [0x00000000eab00000,0x00000000ee900000,0x00000000ee900000)
  from space 5120K, 98% used [0x00000000eee00000,0x00000000ef2ea7a8,0x00000000ef300000)
  to   space 5120K, 0% used [0x00000000ee900000,0x00000000ee900000,0x00000000eee00000)
 ParOldGen       total 84992K, used 16K [0x00000000c0000000, 0x00000000c5300000, 0x00000000eab00000)
  object space 84992K, 0% used [0x00000000c0000000,0x00000000c0004000,0x00000000c5300000)
 Metaspace       used 17340K, capacity 17626K, committed 17920K, reserved 1064960K
  class space    used 2419K, capacity 2529K, committed 2560K, reserved 1048576K

Deoptimization events (10 events):
Event: 0.879 Thread 0x00007fe7ac00a800 Uncommon trap: reason=bimorphic action=maybe_recompile pc=0x00007fe79d2e1628 method=java.util.HashMap.putVal(ILjava/lang/Object;Ljava/lang/Object;ZZ)Ljava/lang/Object; @ 203
Event: 1.131 Thread 0x00007fe73000b000 Uncommon trap: reason=bimorphic action=maybe_recompile pc=0x00007fe79d2e1628 method=java.util.HashMap.putVal(ILjava/lang/Object;Ljava/lang/Object;ZZ)Ljava/lang/Object; @ 203
Event: 1.131 Thread 0x00007fe73000b000 Uncommon trap: reason=bimorphic action=maybe_recompile pc=0x00007fe79d2e1628 method=java.util.HashMap.putVal(ILjava/lang/Object;Ljava/lang/Object;ZZ)Ljava/lang/Object; @ 203
Event: 1.131 Thread 0x00007fe73000b000 Uncommon trap: reason=bimorphic action=maybe_recompile pc=0x00007fe79d2e1628 method=java.util.HashMap.putVal(ILjava/lang/Object;Ljava/lang/Object;ZZ)Ljava/lang/Object; @ 203
Event: 1.349 Thread 0x00007fe73000b000 Uncommon trap: reason=class_check action=maybe_recompile pc=0x00007fe79d289db0 method=java.util.regex.Matcher.match(II)Z @ 86
Event: 1.350 Thread 0x00007fe73000b000 Uncommon trap: reason=class_check action=maybe_recompile pc=0x00007fe79d289db0 method=java.util.regex.Matcher.match(II)Z @ 86
Event: 1.351 Thread 0x00007fe73000b000 Uncommon trap: reason=class_check action=maybe_recompile pc=0x00007fe79d258584 method=java.util.regex.Matcher.match(II)Z @ 86
Event: 1.405 Thread 0x00007fe73000b000 Uncommon trap: reason=unstable_if action=reinterpret pc=0x00007fe79d3c5e54 method=java.lang.String.lastIndexOf([CII[CIII)I @ 66
Event: 1.532 Thread 0x00007fe73000b000 Uncommon trap: reason=unstable_if action=reinterpret pc=0x00007fe79d3e48b0 method=java.util.jar.JarFile.maybeInstantiateVerifier()V @ 21
Event: 1.677 Thread 0x00007fe73000b000 Uncommon trap: reason=unstable_if action=reinterpret pc=0x00007fe79d28c828 method=java.io.File.getName()Ljava/lang/String; @ 16

Classes redefined (0 events):
No events

Internal exceptions (10 events):
Event: 1.076 Thread 0x00007fe730004000 Exception <a 'java/lang/NoSuchMethodError': <clinit>> (0x00000000eac22d10) thrown at [/build/openjdk-8-ncNGZp/openjdk-8-8u265-b01/src/hotspot/src/share/vm/prims/jni.cpp, line 1616]
Event: 1.078 Thread 0x00007fe730004000 Exception <a 'java/lang/NoSuchMethodError': <clinit>> (0x00000000eac99d38) thrown at [/build/openjdk-8-ncNGZp/openjdk-8-8u265-b01/src/hotspot/src/share/vm/prims/jni.cpp, line 1616]
Event: 1.082 Thread 0x00007fe730004000 Exception <a 'java/lang/NoSuchMethodError': <clinit>> (0x00000000eacbbda0) thrown at [/build/openjdk-8-ncNGZp/openjdk-8-8u265-b01/src/hotspot/src/share/vm/prims/jni.cpp, line 1616]
Event: 1.094 Thread 0x00007fe730004000 Exception <a 'java/lang/NoSuchMethodError': <clinit>> (0x00000000ead37880) thrown at [/build/openjdk-8-ncNGZp/openjdk-8-8u265-b01/src/hotspot/src/share/vm/prims/jni.cpp, line 1616]
Event: 1.100 Thread 0x00007fe730004000 Exception <a 'java/lang/NoSuchMethodError': <clinit>> (0x00000000ead6b938) thrown at [/build/openjdk-8-ncNGZp/openjdk-8-8u265-b01/src/hotspot/src/share/vm/prims/jni.cpp, line 1616]
Event: 1.101 Thread 0x00007fe730004000 Exception <a 'java/lang/NoSuchMethodError': <clinit>> (0x00000000ead79db8) thrown at [/build/openjdk-8-ncNGZp/openjdk-8-8u265-b01/src/hotspot/src/share/vm/prims/jni.cpp, line 1616]
Event: 1.105 Thread 0x00007fe730004000 Exception <a 'java/lang/NoSuchMethodError': <clinit>> (0x00000000ead9f1c0) thrown at [/build/openjdk-8-ncNGZp/openjdk-8-8u265-b01/src/hotspot/src/share/vm/prims/jni.cpp, line 1616]
Event: 1.119 Thread 0x00007fe73000b000 Exception <a 'java/lang/NoSuchMethodError': <clinit>> (0x00000000eafe4a68) thrown at [/build/openjdk-8-ncNGZp/openjdk-8-8u265-b01/src/hotspot/src/share/vm/prims/jni.cpp, line 1616]
Event: 1.120 Thread 0x00007fe73000b000 Exception <a 'java/lang/NoSuchMethodError': <clinit>> (0x00000000eafecb78) thrown at [/build/openjdk-8-ncNGZp/openjdk-8-8u265-b01/src/hotspot/src/share/vm/prims/jni.cpp, line 1616]
Event: 1.532 Thread 0x00007fe73000b000 Implicit null exception at 0x00007fe79d3e449b to 0x00007fe79d3e48a1

Events (10 events):
Event: 1.877 loading class org/codehaus/groovy/runtime/dgmimpl/arrays/IntegerArrayPutAtMetaMethod done
Event: 1.877 loading class org/codehaus/groovy/runtime/dgmimpl/arrays/LongArrayGetAtMetaMethod
Event: 1.877 loading class org/codehaus/groovy/runtime/dgmimpl/arrays/LongArrayGetAtMetaMethod done
Event: 1.877 loading class org/codehaus/groovy/runtime/dgmimpl/arrays/LongArrayPutAtMetaMethod
Event: 1.877 loading class org/codehaus/groovy/runtime/dgmimpl/arrays/LongArrayPutAtMetaMethod done
Event: 1.878 loading class org/codehaus/groovy/runtime/dgmimpl/arrays/FloatArrayGetAtMetaMethod
Event: 1.878 loading class org/codehaus/groovy/runtime/dgmimpl/arrays/FloatArrayGetAtMetaMethod done
Event: 1.878 loading class org/codehaus/groovy/runtime/dgmimpl/arrays/FloatArrayPutAtMetaMethod
Event: 1.878 loading class org/codehaus/groovy/runtime/dgmimpl/arrays/FloatArrayPutAtMetaMethod done
Event: 1.878 Executing VM operation: ParallelGCFailedAllocation


Dynamic libraries:
c0000000-c5300000 rw-p 00000000 00:00 0 
c5300000-eab00000 ---p 00000000 00:00 0 
eab00000-ef300000 rw-p 00000000 00:00 0 
ef300000-100000000 ---p 00000000 00:00 0 
100000000-100280000 rw-p 00000000 00:00 0 
100280000-140000000 ---p 00000000 00:00 0 
55f2fa2e4000-55f2fa2e5000 r--p 00000000 08:03 8001714                    /usr/lib/jvm/java-8-openjdk-amd64/jre/bin/java
55f2fa2e5000-55f2fa2e6000 r-xp 00001000 08:03 8001714                    /usr/lib/jvm/java-8-openjdk-amd64/jre/bin/java
55f2fa2e6000-55f2fa2e7000 r--p 00002000 08:03 8001714                    /usr/lib/jvm/java-8-openjdk-amd64/jre/bin/java
55f2fa2e7000-55f2fa2e8000 r--p 00002000 08:03 8001714                    /usr/lib/jvm/java-8-openjdk-amd64/jre/bin/java
55f2fa2e8000-55f2fa2e9000 rw-p 00003000 08:03 8001714                    /usr/lib/jvm/java-8-openjdk-amd64/jre/bin/java
55f2fab64000-55f2fab85000 rw-p 00000000 00:00 0                          [heap]
7fe710000000-7fe710021000 rw-p 00000000 00:00 0 
7fe710021000-7fe714000000 ---p 00000000 00:00 0 
7fe718000000-7fe718021000 rw-p 00000000 00:00 0 
7fe718021000-7fe71c000000 ---p 00000000 00:00 0 
7fe71c000000-7fe71c021000 rw-p 00000000 00:00 0 
7fe71c021000-7fe720000000 ---p 00000000 00:00 0 
7fe720000000-7fe720021000 rw-p 00000000 00:00 0 
7fe720021000-7fe724000000 ---p 00000000 00:00 0 
7fe724000000-7fe724021000 rw-p 00000000 00:00 0 
7fe724021000-7fe728000000 ---p 00000000 00:00 0 
7fe728000000-7fe728021000 rw-p 00000000 00:00 0 
7fe728021000-7fe72c000000 ---p 00000000 00:00 0 
7fe72c000000-7fe72ca47000 rw-p 00000000 00:00 0 
7fe72ca47000-7fe730000000 ---p 00000000 00:00 0 
7fe730000000-7fe730021000 rw-p 00000000 00:00 0 
7fe730021000-7fe734000000 ---p 00000000 00:00 0 
7fe734000000-7fe73402a000 rw-p 00000000 00:00 0 
7fe73402a000-7fe738000000 ---p 00000000 00:00 0 
7fe738000000-7fe73807c000 rw-p 00000000 00:00 0 
7fe73807c000-7fe73c000000 ---p 00000000 00:00 0 
7fe73c000000-7fe73c021000 rw-p 00000000 00:00 0 
7fe73c021000-7fe740000000 ---p 00000000 00:00 0 
7fe740000000-7fe740021000 rw-p 00000000 00:00 0 
7fe740021000-7fe744000000 ---p 00000000 00:00 0 
7fe744000000-7fe744021000 rw-p 00000000 00:00 0 
7fe744021000-7fe748000000 ---p 00000000 00:00 0 
7fe748000000-7fe748691000 rw-p 00000000 00:00 0 
7fe748691000-7fe74c000000 ---p 00000000 00:00 0 
7fe74c000000-7fe74c516000 rw-p 00000000 00:00 0 
7fe74c516000-7fe750000000 ---p 00000000 00:00 0 
7fe750000000-7fe750e84000 rw-p 00000000 00:00 0 
7fe750e84000-7fe754000000 ---p 00000000 00:00 0 
7fe754000000-7fe755044000 rw-p 00000000 00:00 0 
7fe755044000-7fe758000000 ---p 00000000 00:00 0 
7fe758000000-7fe758021000 rw-p 00000000 00:00 0 
7fe758021000-7fe75c000000 ---p 00000000 00:00 0 
7fe75c000000-7fe75c021000 rw-p 00000000 00:00 0 
7fe75c021000-7fe760000000 ---p 00000000 00:00 0 
7fe760000000-7fe760021000 rw-p 00000000 00:00 0 
7fe760021000-7fe764000000 ---p 00000000 00:00 0 
7fe764000000-7fe764021000 rw-p 00000000 00:00 0 
7fe764021000-7fe768000000 ---p 00000000 00:00 0 
7fe768000000-7fe768021000 rw-p 00000000 00:00 0 
7fe768021000-7fe76c000000 ---p 00000000 00:00 0 
7fe76c000000-7fe76c021000 rw-p 00000000 00:00 0 
7fe76c021000-7fe770000000 ---p 00000000 00:00 0 
7fe770000000-7fe770021000 rw-p 00000000 00:00 0 
7fe770021000-7fe774000000 ---p 00000000 00:00 0 
7fe778000000-7fe778021000 rw-p 00000000 00:00 0 
7fe778021000-7fe77c000000 ---p 00000000 00:00 0 
7fe780000000-7fe780025000 rw-p 00000000 00:00 0 
7fe780025000-7fe784000000 ---p 00000000 00:00 0 
7fe788000000-7fe788021000 rw-p 00000000 00:00 0 
7fe788021000-7fe78c000000 ---p 00000000 00:00 0 
7fe78f355000-7fe78f6fc000 rw-p 00000000 00:00 0 
7fe78f6fc000-7fe78f7fc000 ---p 00000000 00:00 0 
7fe78f7fc000-7fe78f7ff000 ---p 00000000 00:00 0 
7fe78f7ff000-7fe78fafd000 rw-p 00000000 00:00 0 
7fe78fafd000-7fe78fb00000 ---p 00000000 00:00 0 
7fe78fb00000-7fe78fbfe000 rw-p 00000000 00:00 0 
7fe78fbfe000-7fe78fc01000 ---p 00000000 00:00 0 
7fe78fc01000-7fe78fcff000 rw-p 00000000 00:00 0 
7fe78fcff000-7fe78fd02000 ---p 00000000 00:00 0 
7fe78fd02000-7fe790000000 rw-p 00000000 00:00 0 
7fe790000000-7fe790021000 rw-p 00000000 00:00 0 
7fe790021000-7fe794000000 ---p 00000000 00:00 0 
7fe79406a000-7fe7940e4000 r--s 01103000 08:03 8001954                    /usr/lib/jvm/java-8-openjdk-amd64/lib/tools.jar
7fe7940e4000-7fe7940e7000 ---p 00000000 00:00 0 
7fe7940e7000-7fe7941e5000 rw-p 00000000 00:00 0 
7fe7941e5000-7fe7941e8000 ---p 00000000 00:00 0 
7fe7941e8000-7fe7942e6000 rw-p 00000000 00:00 0 
7fe7942e6000-7fe7942e9000 ---p 00000000 00:00 0 
7fe7942e9000-7fe7943e7000 rw-p 00000000 00:00 0 
7fe7943e7000-7fe7943ea000 ---p 00000000 00:00 0 
7fe7943ea000-7fe7944e8000 rw-p 00000000 00:00 0 
7fe7944e8000-7fe7944eb000 ---p 00000000 00:00 0 
7fe7944eb000-7fe7945e9000 rw-p 00000000 00:00 0 
7fe7945e9000-7fe7945ec000 ---p 00000000 00:00 0 
7fe7945ec000-7fe7946ea000 rw-p 00000000 00:00 0 
7fe7946ea000-7fe7946f1000 r--s 00000000 08:03 8520835                    /usr/lib/x86_64-linux-gnu/gconv/gconv-modules.cache
7fe7946f1000-7fe7946f4000 ---p 00000000 00:00 0 
7fe7946f4000-7fe7947f2000 rw-p 00000000 00:00 0 
7fe7947f2000-7fe7947f7000 r--s 000a7000 08:03 8001797                    /usr/lib/jvm/java-8-openjdk-amd64/jre/lib/jsse.jar
7fe7947f7000-7fe7949f7000 rw-p 00000000 00:00 0 
7fe7949f7000-7fe7949fb000 r--p 00000000 08:03 8001750                    /usr/lib/jvm/java-8-openjdk-amd64/jre/lib/amd64/libmanagement.so
7fe7949fb000-7fe7949ff000 r-xp 00004000 08:03 8001750                    /usr/lib/jvm/java-8-openjdk-amd64/jre/lib/amd64/libmanagement.so
7fe7949ff000-7fe794a01000 r--p 00008000 08:03 8001750                    /usr/lib/jvm/java-8-openjdk-amd64/jre/lib/amd64/libmanagement.so
7fe794a01000-7fe794a02000 r--p 00009000 08:03 8001750                    /usr/lib/jvm/java-8-openjdk-amd64/jre/lib/amd64/libmanagement.so
7fe794a02000-7fe794a03000 rw-p 0000a000 08:03 8001750                    /usr/lib/jvm/java-8-openjdk-amd64/jre/lib/amd64/libmanagement.so
7fe794a03000-7fe794a05000 r--s 00007000 08:03 95814734                   /home/zilu/.gradle/wrapper/dists/gradle-4.1-all/bzyivzo6n839fup2jbap0tjew/gradle-4.1/lib/plugins/gradle-tooling-api-builders-4.1.jar
7fe794a05000-7fe794a08000 r--s 00009000 08:03 95814744                   /home/zilu/.gradle/wrapper/dists/gradle-4.1-all/bzyivzo6n839fup2jbap0tjew/gradle-4.1/lib/plugins/gradle-testing-native-4.1.jar
7fe794a08000-7fe794a0a000 r--s 00009000 08:03 95814817                   /home/zilu/.gradle/wrapper/dists/gradle-4.1-all/bzyivzo6n839fup2jbap0tjew/gradle-4.1/lib/plugins/hamcrest-core-1.3.jar
7fe794a0a000-7fe794a0f000 r--s 00040000 08:03 95814812                   /home/zilu/.gradle/wrapper/dists/gradle-4.1-all/bzyivzo6n839fup2jbap0tjew/gradle-4.1/lib/plugins/bsh-2.0b4.jar
7fe794a0f000-7fe794a11000 r--s 00006000 08:03 95814813                   /home/zilu/.gradle/wrapper/dists/gradle-4.1-all/bzyivzo6n839fup2jbap0tjew/gradle-4.1/lib/plugins/jcommander-1.12.jar
7fe794a11000-7fe794a17000 r--s 00033000 08:03 95814814                   /home/zilu/.gradle/wrapper/dists/gradle-4.1-all/bzyivzo6n839fup2jbap0tjew/gradle-4.1/lib/plugins/snakeyaml-1.6.jar
7fe794a17000-7fe794a20000 r--s 00089000 08:03 95814772                   /home/zilu/.gradle/wrapper/dists/gradle-4.1-all/bzyivzo6n839fup2jbap0tjew/gradle-4.1/lib/plugins/testng-6.3.1.jar
7fe794a20000-7fe794a28000 r--s 00045000 08:03 95814773                   /home/zilu/.gradle/wrapper/dists/gradle-4.1-all/bzyivzo6n839fup2jbap0tjew/gradle-4.1/lib/plugins/junit-4.12.jar
7fe794a28000-7fe794a2e000 r--s 0002e000 08:03 95814740                   /home/zilu/.gradle/wrapper/dists/gradle-4.1-all/bzyivzo6n839fup2jbap0tjew/gradle-4.1/lib/plugins/gradle-testing-jvm-4.1.jar
7fe794a2e000-7fe794a32000 r--s 00017000 08:03 95814748                   /home/zilu/.gradle/wrapper/dists/gradle-4.1-all/bzyivzo6n839fup2jbap0tjew/gradle-4.1/lib/plugins/gradle-testing-base-4.1.jar
7fe794a32000-7fe794a39000 r--s 00038000 08:03 95814768                   /home/zilu/.gradle/wrapper/dists/gradle-4.1-all/bzyivzo6n839fup2jbap0tjew/gradle-4.1/lib/plugins/bcpg-jdk15on-1.51.jar
7fe794a39000-7fe794a3b000 r--s 0000c000 08:03 95814719                   /home/zilu/.gradle/wrapper/dists/gradle-4.1-all/bzyivzo6n839fup2jbap0tjew/gradle-4.1/lib/plugins/gradle-signing-4.1.jar
7fe794a3b000-7fe794a3d000 r--s 00007000 08:03 95814725                   /home/zilu/.gradle/wrapper/dists/gradle-4.1-all/bzyivzo6n839fup2jbap0tjew/gradle-4.1/lib/plugins/gradle-scala-4.1.jar
7fe794a3d000-7fe794a3e000 r--s 00004000 08:03 95814756                   /home/zilu/.gradle/wrapper/dists/gradle-4.1-all/bzyivzo6n839fup2jbap0tjew/gradle-4.1/lib/plugins/gradle-resources-sftp-4.1.jar
7fe794a3e000-7fe794a4e000 r--s 00088000 08:03 95814785                   /home/zilu/.gradle/wrapper/dists/gradle-4.1-all/bzyivzo6n839fup2jbap0tjew/gradle-4.1/lib/plugins/joda-time-2.8.2.jar
7fe794a4e000-7fe794a5f000 r--s 0010d000 08:03 95814784                   /home/zilu/.gradle/wrapper/dists/gradle-4.1-all/bzyivzo6n839fup2jbap0tjew/gradle-4.1/lib/plugins/jackson-databind-2.6.6.jar
7fe794a5f000-7fe794a62000 r--s 00009000 08:03 95814783                   /home/zilu/.gradle/wrapper/dists/gradle-4.1-all/bzyivzo6n839fup2jbap0tjew/gradle-4.1/lib/plugins/jackson-annotations-2.6.6.jar
7fe794a62000-7fe794a66000 r--s 0003c000 08:03 95814782                   /home/zilu/.gradle/wrapper/dists/gradle-4.1-all/bzyivzo6n839fup2jbap0tjew/gradle-4.1/lib/plugins/jackson-core-2.6.6.jar
7fe794a66000-7fe794a74000 r--s 00087000 08:03 95814781                   /home/zilu/.gradle/wrapper/dists/gradle-4.1-all/bzyivzo6n839fup2jbap0tjew/gradle-4.1/lib/plugins/aws-java-sdk-core-1.11.6.jar
7fe794a74000-7fe794a7b000 r--s 00057000 08:03 95814780                   /home/zilu/.gradle/wrapper/dists/gradle-4.1-all/bzyivzo6n839fup2jbap0tjew/gradle-4.1/lib/plugins/aws-java-sdk-kms-1.11.6.jar
7fe794a7b000-7fe794a88000 r--s 0008e000 08:03 95814779                   /home/zilu/.gradle/wrapper/dists/gradle-4.1-all/bzyivzo6n839fup2jbap0tjew/gradle-4.1/lib/plugins/aws-java-sdk-s3-1.11.6.jar
7fe794a88000-7fe794a8a000 r--s 00004000 08:03 95814753                   /home/zilu/.gradle/wrapper/dists/gradle-4.1-all/bzyivzo6n839fup2jbap0tjew/gradle-4.1/lib/plugins/gradle-resources-s3-4.1.jar
7fe794a8a000-7fe794a8c000 r--s 00010000 08:03 95814749                   /home/zilu/.gradle/wrapper/dists/gradle-4.1-all/bzyivzo6n839fup2jbap0tjew/gradle-4.1/lib/plugins/gradle-reporting-4.1.jar
7fe794a8c000-7fe794a8e000 r--s 00002000 08:03 95814750                   /home/zilu/.gradle/wrapper/dists/gradle-4.1-all/bzyivzo6n839fup2jbap0tjew/gradle-4.1/lib/plugins/gradle-publish-4.1.jar
7fe794a8e000-7fe794a90000 r--s 00009000 08:03 95814761                   /home/zilu/.gradle/wrapper/dists/gradle-4.1-all/bzyivzo6n839fup2jbap0tjew/gradle-4.1/lib/plugins/commons-cli-1.2.jar
7fe794a90000-7fe794a96000 r--s 00036000 08:03 95814733                   /home/zilu/.gradle/wrapper/dists/gradle-4.1-all/bzyivzo6n839fup2jbap0tjew/gradle-4.1/lib/plugins/gradle-plugins-4.1.jar
7fe794a96000-7fe794a98000 r--s 00009000 08:03 95814720                   /home/zilu/.gradle/wrapper/dists/gradle-4.1-all/bzyivzo6n839fup2jbap0tjew/gradle-4.1/lib/plugins/gradle-plugin-development-4.1.jar
7fe794a98000-7fe794a9e000 r--s 0002b000 08:03 95814728                   /home/zilu/.gradle/wrapper/dists/gradle-4.1-all/bzyivzo6n839fup2jbap0tjew/gradle-4.1/lib/plugins/gradle-platform-play-4.1.jar
7fe794a9e000-7fe794aad000 r--s 0005b000 08:03 95814746                   /home/zilu/.gradle/wrapper/dists/gradle-4.1-all/bzyivzo6n839fup2jbap0tjew/gradle-4.1/lib/plugins/gradle-platform-native-4.1.jar
7fe794aad000-7fe794ab1000 r--s 0001b000 08:03 95814743                   /home/zilu/.gradle/wrapper/dists/gradle-4.1-all/bzyivzo6n839fup2jbap0tjew/gradle-4.1/lib/plugins/gradle-platform-jvm-4.1.jar
7fe794ab1000-7fe794ab9000 r--s 00027000 08:03 95814751                   /home/zilu/.gradle/wrapper/dists/gradle-4.1-all/bzyivzo6n839fup2jbap0tjew/gradle-4.1/lib/plugins/gradle-platform-base-4.1.jar
7fe794ab9000-7fe794ae1000 r--s 0021c000 08:03 95814762                   /home/zilu/.gradle/wrapper/dists/gradle-4.1-all/bzyivzo6n839fup2jbap0tjew/gradle-4.1/lib/plugins/biz.aQute.bndlib-3.2.0.jar
7fe794ae1000-7fe794ae2000 r--s 00004000 08:03 95814718                   /home/zilu/.gradle/wrapper/dists/gradle-4.1-all/bzyivzo6n839fup2jbap0tjew/gradle-4.1/lib/plugins/gradle-osgi-4.1.jar
7fe794ae2000-7fe794ae5000 r--s 0000c000 08:03 95814765                   /home/zilu/.gradle/wrapper/dists/gradle-4.1-all/bzyivzo6n839fup2jbap0tjew/gradle-4.1/lib/plugins/pmaven-groovy-0.8-20100325.jar
7fe794ae5000-7fe794ae6000 r--s 00004000 08:03 95814764                   /home/zilu/.gradle/wrapper/dists/gradle-4.1-all/bzyivzo6n839fup2jbap0tjew/gradle-4.1/lib/plugins/pmaven-common-0.8-20100325.jar
7fe794ae6000-7fe794aec000 r--s 00023000 08:03 95814721                   /home/zilu/.gradle/wrapper/dists/gradle-4.1-all/bzyivzo6n839fup2jbap0tjew/gradle-4.1/lib/plugins/gradle-maven-4.1.jar
7fe794aec000-7fe794aef000 r--s 0000b000 08:03 95814739                   /home/zilu/.gradle/wrapper/dists/gradle-4.1-all/bzyivzo6n839fup2jbap0tjew/gradle-4.1/lib/plugins/gradle-language-scala-4.1.jar
7fe794aef000-7fe794af6000 r--s 00020000 08:03 95814745                   /home/zilu/.gradle/wrapper/dists/gradle-4.1-all/bzyivzo6n839fup2jbap0tjew/gradle-4.1/lib/plugins/gradle-language-native-4.1.jar
7fe794af6000-7fe794af8000 r--s 00005000 08:03 95814742                   /home/zilu/.gradle/wrapper/dists/gradle-4.1-all/bzyivzo6n839fup2jbap0tjew/gradle-4.1/lib/plugins/gradle-language-jvm-4.1.jar
7fe794af8000-7fe794aff000 r--s 0002f000 08:03 95814741                   /home/zilu/.gradle/wrapper/dists/gradle-4.1-all/bzyivzo6n839fup2jbap0tjew/gradle-4.1/lib/plugins/gradle-language-java-4.1.jar
7fe794aff000-7fe794b02000 r--s 0000a000 08:03 95814738                   /home/zilu/.gradle/wrapper/dists/gradle-4.1-all/bzyivzo6n839fup2jbap0tjew/gradle-4.1/lib/plugins/gradle-language-groovy-4.1.jar
7fe794b02000-7fe794b09000 r--s 00035000 08:03 95814771                   /home/zilu/.gradle/wrapper/dists/gradle-4.1-all/bzyivzo6n839fup2jbap0tjew/gradle-4.1/lib/plugins/simple-4.1.21.jar
7fe794b09000-7fe794b15000 r--s 00100000 08:03 95814769                   /home/zilu/.gradle/wrapper/dists/gradle-4.1-all/bzyivzo6n839fup2jbap0tjew/gradle-4.1/lib/plugins/rhino-1.7R3.jar
7fe794b15000-7fe794b19000 r--s 00012000 08:03 95814729                   /home/zilu/.gradle/wrapper/dists/gradle-4.1-all/bzyivzo6n839fup2jbap0tjew/gradle-4.1/lib/plugins/gradle-javascript-4.1.jar
7fe794b19000-7fe794b1c000 r--s 00011000 08:03 95814731                   /home/zilu/.gradle/wrapper/dists/gradle-4.1-all/bzyivzo6n839fup2jbap0tjew/gradle-4.1/lib/plugins/gradle-jacoco-4.1.jar
7fe794b1c000-7fe794b1f000 r--s 0000e000 08:03 95814730                   /home/zilu/.gradle/wrapper/dists/gradle-4.1-all/bzyivzo6n839fup2jbap0tjew/gradle-4.1/lib/plugins/gradle-ivy-4.1.jar
7fe794b1f000-7fe794b20000 r--s 00002000 08:03 95814722                   /home/zilu/.gradle/wrapper/dists/gradle-4.1-all/bzyivzo6n839fup2jbap0tjew/gradle-4.1/lib/plugins/gradle-ide-play-4.1.jar
7fe794b20000-7fe794b23000 r--s 00013000 08:03 95814723                   /home/zilu/.gradle/wrapper/dists/gradle-4.1-all/bzyivzo6n839fup2jbap0tjew/gradle-4.1/lib/plugins/gradle-ide-native-4.1.jar
7fe794b23000-7fe794b2d000 r--s 00054000 08:03 95814724                   /home/zilu/.gradle/wrapper/dists/gradle-4.1-all/bzyivzo6n839fup2jbap0tjew/gradle-4.1/lib/plugins/gradle-ide-4.1.jar
7fe794b2d000-7fe794b2f000 r--s 00007000 08:03 95814727                   /home/zilu/.gradle/wrapper/dists/gradle-4.1-all/bzyivzo6n839fup2jbap0tjew/gradle-4.1/lib/plugins/gradle-ear-4.1.jar
7fe794b2f000-7fe794b31000 r--s 00005000 08:03 95814759                   /home/zilu/.gradle/wrapper/dists/gradle-4.1-all/bzyivzo6n839fup2jbap0tjew/gradle-4.1/lib/plugins/jatl-0.2.2.jar
7fe794b31000-7fe794b38000 r--s 00038000 08:03 95814747                   /home/zilu/.gradle/wrapper/dists/gradle-4.1-all/bzyivzo6n839fup2jbap0tjew/gradle-4.1/lib/plugins/gradle-diagnostics-4.1.jar
7fe794b38000-7fe794b3a000 r--s 0000b000 08:03 95814736                   /home/zilu/.gradle/wrapper/dists/gradle-4.1-all/bzyivzo6n839fup2jbap0tjew/gradle-4.1/lib/plugins/gradle-composite-builds-4.1.jar
7fe794b3a000-7fe794b3f000 r--s 00025000 08:03 95814716                   /home/zilu/.gradle/wrapper/dists/gradle-4.1-all/bzyivzo6n839fup2jbap0tjew/gradle-4.1/lib/plugins/gradle-code-quality-4.1.jar
7fe794b3f000-7fe794b44000 r--s 00022000 08:03 95814732                   /home/zilu/.gradle/wrapper/dists/gradle-4.1-all/bzyivzo6n839fup2jbap0tjew/gradle-4.1/lib/plugins/gradle-build-init-4.1.jar
7fe794b44000-7fe794b4a000 r--s 0008e000 08:03 95814726                   /home/zilu/.gradle/wrapper/dists/gradle-4.1-all/bzyivzo6n839fup2jbap0tjew/gradle-4.1/lib/plugins/gradle-build-comparison-4.1.jar
7fe794b4a000-7fe794b4b000 r--s 00002000 08:03 95814754                   /home/zilu/.gradle/wrapper/dists/gradle-4.1-all/bzyivzo6n839fup2jbap0tjew/gradle-4.1/lib/plugins/gradle-build-cache-http-4.1.jar
7fe794b4b000-7fe794b4d000 r--s 00008000 08:03 95814717                   /home/zilu/.gradle/wrapper/dists/gradle-4.1-all/bzyivzo6n839fup2jbap0tjew/gradle-4.1/lib/plugins/gradle-antlr-4.1.jar
7fe794b4d000-7fe794b4f000 r--s 00004000 08:03 95814737                   /home/zilu/.gradle/wrapper/dists/gradle-4.1-all/bzyivzo6n839fup2jbap0tjew/gradle-4.1/lib/plugins/gradle-announce-4.1.jar
7fe794b4f000-7fe794b51000 r--s 00008000 08:03 95683857                   /home/zilu/.gradle/wrapper/dists/gradle-4.1-all/bzyivzo6n839fup2jbap0tjew/gradle-4.1/lib/gradle-kotlin-dsl-tooling-builders-0.10.3.jar
7fe794b51000-7fe794b54000 r--s 0001c000 08:03 95814775                   /home/zilu/.gradle/wrapper/dists/gradle-4.1-all/bzyivzo6n839fup2jbap0tjew/gradle-4.1/lib/plugins/nekohtml-1.9.14.jar
7fe794b54000-7fe794b5c000 r--s 00028000 08:03 95814816                   /home/zilu/.gradle/wrapper/dists/gradle-4.1-all/bzyivzo6n839fup2jbap0tjew/gradle-4.1/lib/plugins/xml-apis-1.3.04.jar
7fe794b5c000-7fe794b74000 r--s 00115000 08:03 95814776                   /home/zilu/.gradle/wrapper/dists/gradle-4.1-all/bzyivzo6n839fup2jbap0tjew/gradle-4.1/lib/plugins/xercesImpl-2.9.1.jar
7fe794b74000-7fe794b7a000 r--s 0005b000 08:03 95814774                   /home/zilu/.gradle/wrapper/dists/gradle-4.1-all/bzyivzo6n839fup2jbap0tjew/gradle-4.1/lib/plugins/jcifs-1.3.17.jar
7fe794b7a000-7fe794b81000 r--s 00049000 08:03 95814815                   /home/zilu/.gradle/wrapper/dists/gradle-4.1-all/bzyivzo6n839fup2jbap0tjew/gradle-4.1/lib/plugins/httpcore-4.4.4.jar
7fe794b81000-7fe794b87000 r--s 00033000 08:03 95814767                   /home/zilu/.gradle/wrapper/dists/gradle-4.1-all/bzyivzo6n839fup2jbap0tjew/gradle-4.1/lib/plugins/commons-codec-1.6.jar
7fe794b87000-7fe794b94000 r--s 000a4000 08:03 95814760                   /home/zilu/.gradle/wrapper/dists/gradle-4.1-all/bzyivzo6n839fup2jbap0tjew/gradle-4.1/lib/plugins/httpclient-4.4.1.jar
7fe794b94000-7fe794b96000 r--s 0000b000 08:03 95814755                   /home/zilu/.gradle/wrapper/dists/gradle-4.1-all/bzyivzo6n839fup2jbap0tjew/gradle-4.1/lib/plugins/gradle-resources-http-4.1.jar
7fe794b96000-7fe794b9a000 r--s 00017000 08:03 95814752                   /home/zilu/.gradle/wrapper/dists/gradle-4.1-all/bzyivzo6n839fup2jbap0tjew/gradle-4.1/lib/plugins/gradle-plugin-use-4.1.jar
7fe794b9a000-7fe794b9b000 r--s 00000000 08:03 95683863                   /home/zilu/.gradle/wrapper/dists/gradle-4.1-all/bzyivzo6n839fup2jbap0tjew/gradle-4.1/lib/gradle-runtime-api-info-4.1.jar
7fe794b9b000-7fe794b9c000 r--s 00000000 08:03 95683866                   /home/zilu/.gradle/wrapper/dists/gradle-4.1-all/bzyivzo6n839fup2jbap0tjew/gradle-4.1/lib/gradle-installation-beacon-4.1.jar
7fe794b9c000-7fe794bdc000 r--s 00277000 08:03 95814787                   /home/zilu/.gradle/wrapper/dists/gradle-4.1-all/bzyivzo6n839fup2jbap0tjew/gradle-4.1/lib/plugins/bcprov-jdk15on-1.51.jar
7fe794bdc000-7fe794be0000 r--s 0001d000 08:03 95814786                   /home/zilu/.gradle/wrapper/dists/gradle-4.1-all/bzyivzo6n839fup2jbap0tjew/gradle-4.1/lib/plugins/xbean-reflect-3.4.jar
7fe794be0000-7fe794be2000 r--s 0000a000 08:03 95814788                   /home/zilu/.gradle/wrapper/dists/gradle-4.1-all/bzyivzo6n839fup2jbap0tjew/gradle-4.1/lib/plugins/maven-settings-3.0.4.jar
7fe794be2000-7fe794be5000 r--s 00008000 08:03 95814789                   /home/zilu/.gradle/wrapper/dists/gradle-4.1-all/bzyivzo6n839fup2jbap0tjew/gradle-4.1/lib/plugins/maven-settings-builder-3.0.4.jar
7fe794be5000-7fe794be9000 r--s 00033000 08:03 95814790                   /home/zilu/.gradle/wrapper/dists/gradle-4.1-all/bzyivzo6n839fup2jbap0tjew/gradle-4.1/lib/plugins/plexus-utils-2.0.6.jar
7fe794be9000-7fe794beb000 r--s 0000d000 08:03 95814791                   /home/zilu/.gradle/wrapper/dists/gradle-4.1-all/bzyivzo6n839fup2jbap0tjew/gradle-4.1/lib/plugins/plexus-interpolation-1.14.jar
7fe794beb000-7fe794bed000 r--s 00000000 08:03 95814766                   /home/zilu/.gradle/wrapper/dists/gradle-4.1-all/bzyivzo6n839fup2jbap0tjew/gradle-4.1/lib/plugins/plexus-component-annotations-1.5.5.jar
7fe794bed000-7fe794bf4000 r--s 0002e000 08:03 95814792                   /home/zilu/.gradle/wrapper/dists/gradle-4.1-all/bzyivzo6n839fup2jbap0tjew/gradle-4.1/lib/plugins/plexus-container-default-1.5.5.jar
7fe794bf4000-7fe794bf6000 r--s 0000a000 08:03 95814793                   /home/zilu/.gradle/wrapper/dists/gradle-4.1-all/bzyivzo6n839fup2jbap0tjew/gradle-4.1/lib/plugins/plexus-classworlds-2.4.jar
7fe794bf6000-7fe794bf8000 r--s 00002000 08:03 95814794                   /home/zilu/.gradle/wrapper/dists/gradle-4.1-all/bzyivzo6n839fup2jbap0tjew/gradle-4.1/lib/plugins/plexus-cipher-1.7.jar
7fe794bf8000-7fe794bf9000 r--s 00006000 08:03 95814795                   /home/zilu/.gradle/wrapper/dists/gradle-4.1-all/bzyivzo6n839fup2jbap0tjew/gradle-4.1/lib/plugins/plexus-sec-dispatcher-1.3.jar
7fe794bf9000-7fe794bff000 r--s 0003f000 08:03 95814796                   /home/zilu/.gradle/wrapper/dists/gradle-4.1-all/bzyivzo6n839fup2jbap0tjew/gradle-4.1/lib/plugins/maven-compat-3.0.4.jar
7fe794bff000-7fe794c03000 r--s 00021000 08:03 95814797                   /home/zilu/.gradle/wrapper/dists/gradle-4.1-all/bzyivzo6n839fup2jbap0tjew/gradle-4.1/lib/plugins/maven-model-builder-3.0.4.jar
7fe794c03000-7fe794c05000 r--s 00026000 08:03 95814798                   /home/zilu/.gradle/wrapper/dists/gradle-4.1-all/bzyivzo6n839fup2jbap0tjew/gradle-4.1/lib/plugins/maven-model-3.0.4.jar
7fe794c05000-7fe794c07000 r--s 0000b000 08:03 95814799                   /home/zilu/.gradle/wrapper/dists/gradle-4.1-all/bzyivzo6n839fup2jbap0tjew/gradle-4.1/lib/plugins/maven-artifact-3.0.4.jar
7fe794c07000-7fe794c09000 r--s 00006000 08:03 95814800                   /home/zilu/.gradle/wrapper/dists/gradle-4.1-all/bzyivzo6n839fup2jbap0tjew/gradle-4.1/lib/plugins/maven-repository-metadata-3.0.4.jar
7fe794c09000-7fe794c0b000 r--s 0000b000 08:03 95814801                   /home/zilu/.gradle/wrapper/dists/gradle-4.1-all/bzyivzo6n839fup2jbap0tjew/gradle-4.1/lib/plugins/maven-plugin-api-3.0.4.jar
7fe794c0b000-7fe794c0d000 r--s 0000c000 08:03 95814802                   /home/zilu/.gradle/wrapper/dists/gradle-4.1-all/bzyivzo6n839fup2jbap0tjew/gradle-4.1/lib/plugins/maven-aether-provider-3.0.4.jar
7fe794c0d000-7fe794c0e000 r--s 00002000 08:03 95814803                   /home/zilu/.gradle/wrapper/dists/gradle-4.1-all/bzyivzo6n839fup2jbap0tjew/gradle-4.1/lib/plugins/wagon-file-2.4.jar
7fe794c0e000-7fe794c0f000 r--s 00002000 08:03 95814804                   /home/zilu/.gradle/wrapper/dists/gradle-4.1-all/bzyivzo6n839fup2jbap0tjew/gradle-4.1/lib/plugins/wagon-http-2.4.jar
7fe794c0f000-7fe794c11000 r--s 0000b000 08:03 95814805                   /home/zilu/.gradle/wrapper/dists/gradle-4.1-all/bzyivzo6n839fup2jbap0tjew/gradle-4.1/lib/plugins/wagon-provider-api-2.4.jar
7fe794c11000-7fe794c12000 r--s 00007000 08:03 95814806                   /home/zilu/.gradle/wrapper/dists/gradle-4.1-all/bzyivzo6n839fup2jbap0tjew/gradle-4.1/lib/plugins/wagon-http-shared4-2.4.jar
7fe794c12000-7fe794c15000 r--s 00013000 08:03 95814807                   /home/zilu/.gradle/wrapper/dists/gradle-4.1-all/bzyivzo6n839fup2jbap0tjew/gradle-4.1/lib/plugins/aether-api-1.13.1.jar
7fe794c15000-7fe794c18000 r--s 0001d000 08:03 95814808                   /home/zilu/.gradle/wrapper/dists/gradle-4.1-all/bzyivzo6n839fup2jbap0tjew/gradle-4.1/lib/plugins/aether-impl-1.13.1.jar
7fe794c18000-7fe794c19000 r--s 00003000 08:03 95814809                   /home/zilu/.gradle/wrapper/dists/gradle-4.1-all/bzyivzo6n839fup2jbap0tjew/gradle-4.1/lib/plugins/aether-spi-1.13.1.jar
7fe794c19000-7fe794c1d000 r--s 0001c000 08:03 95814810                   /home/zilu/.gradle/wrapper/dists/gradle-4.1-all/bzyivzo6n839fup2jbap0tjew/gradle-4.1/lib/plugins/aether-util-1.13.1.jar
7fe794c1d000-7fe794c1f000 r--s 00006000 08:03 95814811                   /home/zilu/.gradle/wrapper/dists/gradle-4.1-all/bzyivzo6n839fup2jbap0tjew/gradle-4.1/lib/plugins/aether-connector-wagon-1.13.1.jar
7fe794c1f000-7fe794c2b000 r--s 0007d000 08:03 95814763                   /home/zilu/.gradle/wrapper/dists/gradle-4.1-all/bzyivzo6n839fup2jbap0tjew/gradle-4.1/lib/plugins/maven-core-3.0.4.jar
7fe794c2b000-7fe794c30000 r--s 00034000 08:03 95814770                   /home/zilu/.gradle/wrapper/dists/gradle-4.1-all/bzyivzo6n839fup2jbap0tjew/gradle-4.1/lib/plugins/gson-2.7.jar
7fe794c30000-7fe794c35000 r--s 00040000 08:03 95814778                   /home/zilu/.gradle/wrapper/dists/gradle-4.1-all/bzyivzo6n839fup2jbap0tjew/gradle-4.1/lib/plugins/jsch-0.1.54.jar
7fe794c35000-7fe794c44000 r--s 000d9000 08:03 95814777                   /home/zilu/.gradle/wrapper/dists/gradle-4.1-all/bzyivzo6n839fup2jbap0tjew/gradle-4.1/lib/plugins/ivy-2.2.0.jar
7fe794c44000-7fe794c68000 r--s 0011a000 08:03 95814758                   /home/zilu/.gradle/wrapper/dists/gradle-4.1-all/bzyivzo6n839fup2jbap0tjew/gradle-4.1/lib/plugins/gradle-dependency-management-4.1.jar
7fe794c68000-7fe794c6b000 r--s 0000d000 08:03 95814757                   /home/zilu/.gradle/wrapper/dists/gradle-4.1-all/bzyivzo6n839fup2jbap0tjew/gradle-4.1/lib/plugins/gradle-workers-4.1.jar
7fe794c6b000-7fe794c70000 r-xp 00000000 08:03 90050445                   /home/zilu/.gradle/native/25/linux-amd64/libnative-platform.so
7fe794c70000-7fe794e6f000 ---p 00005000 08:03 90050445                   /home/zilu/.gradle/native/25/linux-amd64/libnative-platform.so
7fe794e6f000-7fe794e70000 rw-p 00004000 08:03 90050445                   /home/zilu/.gradle/native/25/linux-amd64/libnative-platform.so
7fe794e70000-7fe794e71000 r--s 00006000 08:03 95683865                   /home/zilu/.gradle/wrapper/dists/gradle-4.1-all/bzyivzo6n839fup2jbap0tjew/gradle-4.1/lib/gradle-wrapper-4.1.jar
7fe794e71000-7fe794e7e000 r--s 00043000 08:03 95683864                   /home/zilu/.gradle/wrapper/dists/gradle-4.1-all/bzyivzo6n839fup2jbap0tjew/gradle-4.1/lib/gradle-tooling-api-4.1.jar
7fe794e7e000-7fe794e8d000 r--s 000c8000 08:03 95683861                   /home/zilu/.gradle/wrapper/dists/gradle-4.1-all/bzyivzo6n839fup2jbap0tjew/gradle-4.1/lib/kotlin-stdlib-1.1.3-2.jar
7fe794e8d000-7fe794ebf000 r--s 0021b000 08:03 95683860                   /home/zilu/.gradle/wrapper/dists/gradle-4.1-all/bzyivzo6n839fup2jbap0tjew/gradle-4.1/lib/kotlin-reflect-1.1.3-2.jar
7fe794ebf000-7fe794efb000 rw-p 00000000 00:00 0 
7fe794efb000-7fe7950b2000 r--s 01786000 08:03 95683859                   /home/zilu/.gradle/wrapper/dists/gradle-4.1-all/bzyivzo6n839fup2jbap0tjew/gradle-4.1/lib/kotlin-compiler-embeddable-1.1.3-2.jar
7fe7950b2000-7fe7950b3000 r--s 00000000 08:03 95683858                   /home/zilu/.gradle/wrapper/dists/gradle-4.1-all/bzyivzo6n839fup2jbap0tjew/gradle-4.1/lib/gradle-kotlin-dsl-tooling-models-0.10.3.jar
7fe7950b3000-7fe7950b4000 r--s 00001000 08:03 95683856                   /home/zilu/.gradle/wrapper/dists/gradle-4.1-all/bzyivzo6n839fup2jbap0tjew/gradle-4.1/lib/gradle-kotlin-dsl-compiler-plugin-0.10.3.jar
7fe7950b4000-7fe7950b6000 r--s 00003000 08:03 95683854                   /home/zilu/.gradle/wrapper/dists/gradle-4.1-all/bzyivzo6n839fup2jbap0tjew/gradle-4.1/lib/annotations-13.0.jar
7fe7950b6000-7fe7950c0000 r--s 00073000 08:03 95683855                   /home/zilu/.gradle/wrapper/dists/gradle-4.1-all/bzyivzo6n839fup2jbap0tjew/gradle-4.1/lib/gradle-kotlin-dsl-0.10.3.jar
7fe7950c0000-7fe7950c5000 r--s 00013000 08:03 95683871                   /home/zilu/.gradle/wrapper/dists/gradle-4.1-all/bzyivzo6n839fup2jbap0tjew/gradle-4.1/lib/gradle-resources-4.1.jar
7fe7950c5000-7fe7950c7000 r--s 00005000 08:03 95683878                   /home/zilu/.gradle/wrapper/dists/gradle-4.1-all/bzyivzo6n839fup2jbap0tjew/gradle-4.1/lib/gradle-cli-4.1.jar
7fe7950c7000-7fe7950c9000 r--s 00003000 08:03 95683885                   /home/zilu/.gradle/wrapper/dists/gradle-4.1-all/bzyivzo6n839fup2jbap0tjew/gradle-4.1/lib/jcl-over-slf4j-1.7.10.jar
7fe7950c9000-7fe7950ca000 r--s 00005000 08:03 95683884                   /home/zilu/.gradle/wrapper/dists/gradle-4.1-all/bzyivzo6n839fup2jbap0tjew/gradle-4.1/lib/log4j-over-slf4j-1.7.10.jar
7fe7950ca000-7fe7950cc000 r--s 00000000 08:03 95683883                   /home/zilu/.gradle/wrapper/dists/gradle-4.1-all/bzyivzo6n839fup2jbap0tjew/gradle-4.1/lib/jul-to-slf4j-1.7.10.jar
7fe7950cc000-7fe7950d3000 r--s 0002c000 08:03 95683869                   /home/zilu/.gradle/wrapper/dists/gradle-4.1-all/bzyivzo6n839fup2jbap0tjew/gradle-4.1/lib/gradle-logging-4.1.jar
7fe7950d3000-7fe7950e3000 r--s 00082000 08:03 95683874                   /home/zilu/.gradle/wrapper/dists/gradle-4.1-all/bzyivzo6n839fup2jbap0tjew/gradle-4.1/lib/gradle-model-core-4.1.jar
7fe7950e3000-7fe7950e5000 r--s 00006000 08:03 95683875                   /home/zilu/.gradle/wrapper/dists/gradle-4.1-all/bzyivzo6n839fup2jbap0tjew/gradle-4.1/lib/gradle-base-services-groovy-4.1.jar
7fe7950e5000-7fe7950e7000 r--s 00007000 08:03 95683873                   /home/zilu/.gradle/wrapper/dists/gradle-4.1-all/bzyivzo6n839fup2jbap0tjew/gradle-4.1/lib/gradle-model-groovy-4.1.jar
7fe7950e7000-7fe7950e8000 r--s 00002000 08:03 95683896                   /home/zilu/.gradle/wrapper/dists/gradle-4.1-all/bzyivzo6n839fup2jbap0tjew/gradle-4.1/lib/gradle-docs-4.1.jar
7fe7950e8000-7fe7950f5000 r--s 00083000 08:03 95683894                   /home/zilu/.gradle/wrapper/dists/gradle-4.1-all/bzyivzo6n839fup2jbap0tjew/gradle-4.1/lib/commons-collections-3.2.2.jar
7fe7950f5000-7fe7950f6000 r--s 00000000 08:03 95683893                   /home/zilu/.gradle/wrapper/dists/gradle-4.1-all/bzyivzo6n839fup2jbap0tjew/gradle-4.1/lib/javax.inject-1.jar
7fe7950f6000-7fe795166000 r--s 00645000 08:03 95683891                   /home/zilu/.gradle/wrapper/dists/gradle-4.1-all/bzyivzo6n839fup2jbap0tjew/gradle-4.1/lib/groovy-all-2.4.11.jar
7fe795166000-7fe795169000 r--s 00023000 08:03 95683897                   /home/zilu/.gradle/wrapper/dists/gradle-4.1-all/bzyivzo6n839fup2jbap0tjew/gradle-4.1/lib/jansi-1.14.jar
7fe795169000-7fe79516a000 r--s 00004000 08:03 95683899                   /home/zilu/.gradle/wrapper/dists/gradle-4.1-all/bzyivzo6n839fup2jbap0tjew/gradle-4.1/lib/native-platform-freebsd-amd64-libcpp-0.14.jar
7fe79516a000-7fe79516b000 r--s 00004000 08:03 95683900                   /home/zilu/.gradle/wrapper/dists/gradle-4.1-all/bzyivzo6n839fup2jbap0tjew/gradle-4.1/lib/native-platform-freebsd-amd64-libstdcpp-0.14.jar
7fe79516b000-7fe79516c000 r--s 00004000 08:03 95683901                   /home/zilu/.gradle/wrapper/dists/gradle-4.1-all/bzyivzo6n839fup2jbap0tjew/gradle-4.1/lib/native-platform-freebsd-i386-libcpp-0.14.jar
7fe79516c000-7fe79516d000 r--s 00003000 08:03 95683902                   /home/zilu/.gradle/wrapper/dists/gradle-4.1-all/bzyivzo6n839fup2jbap0tjew/gradle-4.1/lib/native-platform-freebsd-i386-libstdcpp-0.14.jar
7fe79516d000-7fe79516e000 r--s 00002000 08:03 95683903                   /home/zilu/.gradle/wrapper/dists/gradle-4.1-all/bzyivzo6n839fup2jbap0tjew/gradle-4.1/lib/native-platform-linux-amd64-0.14.jar
7fe79516e000-7fe79516f000 r--s 00002000 08:03 95683904                   /home/zilu/.gradle/wrapper/dists/gradle-4.1-all/bzyivzo6n839fup2jbap0tjew/gradle-4.1/lib/native-platform-linux-i386-0.14.jar
7fe79516f000-7fe795171000 r--s 00002000 08:03 95683905                   /home/zilu/.gradle/wrapper/dists/gradle-4.1-all/bzyivzo6n839fup2jbap0tjew/gradle-4.1/lib/native-platform-osx-amd64-0.14.jar
7fe795171000-7fe795172000 r--s 00003000 08:03 95683906                   /home/zilu/.gradle/wrapper/dists/gradle-4.1-all/bzyivzo6n839fup2jbap0tjew/gradle-4.1/lib/native-platform-osx-i386-0.14.jar
7fe795172000-7fe795174000 r--s 0000b000 08:03 95683907                   /home/zilu/.gradle/wrapper/dists/gradle-4.1-all/bzyivzo6n839fup2jbap0tjew/gradle-4.1/lib/native-platform-windows-amd64-0.14.jar
7fe795174000-7fe795175000 r--s 0000b000 08:03 95683908                   /home/zilu/.gradle/wrapper/dists/gradle-4.1-all/bzyivzo6n839fup2jbap0tjew/gradle-4.1/lib/native-platform-windows-i386-0.14.jar
7fe795175000-7fe795176000 r--s 00001000 08:03 95683909                   /home/zilu/.gradle/wrapper/dists/gradle-4.1-all/bzyivzo6n839fup2jbap0tjew/gradle-4.1/lib/native-platform-linux-amd64-ncurses5-0.14.jar
7fe795176000-7fe795177000 r--s 00001000 08:03 95683910                   /home/zilu/.gradle/wrapper/dists/gradle-4.1-all/bzyivzo6n839fup2jbap0tjew/gradle-4.1/lib/native-platform-linux-amd64-ncurses6-0.14.jar
7fe795177000-7fe795178000 r--s 00001000 08:03 95683911                   /home/zilu/.gradle/wrapper/dists/gradle-4.1-all/bzyivzo6n839fup2jbap0tjew/gradle-4.1/lib/native-platform-linux-i386-ncurses5-0.14.jar
7fe795178000-7fe795179000 r--s 00001000 08:03 95683912                   /home/zilu/.gradle/wrapper/dists/gradle-4.1-all/bzyivzo6n839fup2jbap0tjew/gradle-4.1/lib/native-platform-linux-i386-ncurses6-0.14.jar
7fe795179000-7fe79517d000 r--s 00012000 08:03 95683895                   /home/zilu/.gradle/wrapper/dists/gradle-4.1-all/bzyivzo6n839fup2jbap0tjew/gradle-4.1/lib/native-platform-0.14.jar
7fe79517d000-7fe795180000 r--s 0000c000 08:03 95683872                   /home/zilu/.gradle/wrapper/dists/gradle-4.1-all/bzyivzo6n839fup2jbap0tjew/gradle-4.1/lib/gradle-native-4.1.jar
7fe795180000-7fe795182000 r--s 0000f000 08:03 95683880                   /home/zilu/.gradle/wrapper/dists/gradle-4.1-all/bzyivzo6n839fup2jbap0tjew/gradle-4.1/lib/reflectasm-1.07-shaded.jar
7fe795182000-7fe795184000 r--s 00000000 08:03 95683913                   /home/zilu/.gradle/wrapper/dists/gradle-4.1-all/bzyivzo6n839fup2jbap0tjew/gradle-4.1/lib/minlog-1.2.jar
7fe795184000-7fe795186000 r--s 00007000 08:03 95683914                   /home/zilu/.gradle/wrapper/dists/gradle-4.1-all/bzyivzo6n839fup2jbap0tjew/gradle-4.1/lib/objenesis-1.2.jar
7fe795186000-7fe79518a000 r--s 00026000 08:03 95683879                   /home/zilu/.gradle/wrapper/dists/gradle-4.1-all/bzyivzo6n839fup2jbap0tjew/gradle-4.1/lib/kryo-2.20.jar
7fe79518a000-7fe795190000 r--s 0002b000 08:03 95683876                   /home/zilu/.gradle/wrapper/dists/gradle-4.1-all/bzyivzo6n839fup2jbap0tjew/gradle-4.1/lib/gradle-messaging-4.1.jar
7fe795190000-7fe795192000 r--s 00006000 08:03 95683870                   /home/zilu/.gradle/wrapper/dists/gradle-4.1-all/bzyivzo6n839fup2jbap0tjew/gradle-4.1/lib/gradle-process-services-4.1.jar
7fe795192000-7fe795194000 r--s 00000000 08:03 95683868                   /home/zilu/.gradle/wrapper/dists/gradle-4.1-all/bzyivzo6n839fup2jbap0tjew/gradle-4.1/lib/gradle-jvm-services-4.1.jar
7fe795194000-7fe795195000 r--s 00000000 08:03 95683890                   /home/zilu/.gradle/wrapper/dists/gradle-4.1-all/bzyivzo6n839fup2jbap0tjew/gradle-4.1/lib/jcip-annotations-1.0.jar
7fe795195000-7fe79519a000 r--s 00041000 08:03 95683889                   /home/zilu/.gradle/wrapper/dists/gradle-4.1-all/bzyivzo6n839fup2jbap0tjew/gradle-4.1/lib/commons-lang-2.6.jar
7fe79519a000-7fe79519d000 r--s 00006000 08:03 95683888                   /home/zilu/.gradle/wrapper/dists/gradle-4.1-all/bzyivzo6n839fup2jbap0tjew/gradle-4.1/lib/jsr305-1.3.9.jar
7fe79519d000-7fe7951c5000 r--s 001cf000 08:03 95683887                   /home/zilu/.gradle/wrapper/dists/gradle-4.1-all/bzyivzo6n839fup2jbap0tjew/gradle-4.1/lib/guava-jdk5-17.0.jar
7fe7951c5000-7fe7951c9000 r--s 00027000 08:03 95683882                   /home/zilu/.gradle/wrapper/dists/gradle-4.1-all/bzyivzo6n839fup2jbap0tjew/gradle-4.1/lib/commons-io-2.2.jar
7fe7951c9000-7fe7951d1000 r--s 000bd000 08:03 95683881                   /home/zilu/.gradle/wrapper/dists/gradle-4.1-all/bzyivzo6n839fup2jbap0tjew/gradle-4.1/lib/asm-debug-all-6.0_ALPHA.jar
7fe7951d1000-7fe7951f0000 r--s 001d1000 08:03 95683892                   /home/zilu/.gradle/wrapper/dists/gradle-4.1-all/bzyivzo6n839fup2jbap0tjew/gradle-4.1/lib/ant-1.9.6.jar
7fe7951f0000-7fe7951fc000 r--s 00053000 08:03 95683877                   /home/zilu/.gradle/wrapper/dists/gradle-4.1-all/bzyivzo6n839fup2jbap0tjew/gradle-4.1/lib/gradle-base-services-4.1.jar
7fe7951fc000-7fe795246000 r--s 00253000 08:03 95683867                   /home/zilu/.gradle/wrapper/dists/gradle-4.1-all/bzyivzo6n839fup2jbap0tjew/gradle-4.1/lib/gradle-core-4.1.jar
7fe795246000-7fe795277000 rw-p 00000000 00:00 0 
7fe795277000-7fe79527b000 r--p 00000000 08:03 8001752                    /usr/lib/jvm/java-8-openjdk-amd64/jre/lib/amd64/libnet.so
7fe79527b000-7fe79528c000 r-xp 00004000 08:03 8001752                    /usr/lib/jvm/java-8-openjdk-amd64/jre/lib/amd64/libnet.so
7fe79528c000-7fe795290000 r--p 00015000 08:03 8001752                    /usr/lib/jvm/java-8-openjdk-amd64/jre/lib/amd64/libnet.so
7fe795290000-7fe795291000 r--p 00018000 08:03 8001752                    /usr/lib/jvm/java-8-openjdk-amd64/jre/lib/amd64/libnet.so
7fe795291000-7fe795292000 rw-p 00019000 08:03 8001752                    /usr/lib/jvm/java-8-openjdk-amd64/jre/lib/amd64/libnet.so
7fe795292000-7fe795299000 r--p 00000000 08:03 8001753                    /usr/lib/jvm/java-8-openjdk-amd64/jre/lib/amd64/libnio.so
7fe795299000-7fe7952a2000 r-xp 00007000 08:03 8001753                    /usr/lib/jvm/java-8-openjdk-amd64/jre/lib/amd64/libnio.so
7fe7952a2000-7fe7952a5000 r--p 00010000 08:03 8001753                    /usr/lib/jvm/java-8-openjdk-amd64/jre/lib/amd64/libnio.so
7fe7952a5000-7fe7952a6000 r--p 00012000 08:03 8001753                    /usr/lib/jvm/java-8-openjdk-amd64/jre/lib/amd64/libnio.so
7fe7952a6000-7fe7952a7000 rw-p 00013000 08:03 8001753                    /usr/lib/jvm/java-8-openjdk-amd64/jre/lib/amd64/libnio.so
7fe7952a7000-7fe7952b3000 r--s 0005c000 08:03 95683862                   /home/zilu/.gradle/wrapper/dists/gradle-4.1-all/bzyivzo6n839fup2jbap0tjew/gradle-4.1/lib/gradle-launcher-4.1.jar
7fe7952b3000-7fe7952ce000 r--s 00394000 08:03 8001774                    /usr/lib/jvm/java-8-openjdk-amd64/jre/lib/ext/cldrdata.jar
7fe7952ce000-7fe7952e9000 r--s 001d6000 08:03 8001779                    /usr/lib/jvm/java-8-openjdk-amd64/jre/lib/ext/nashorn.jar
7fe7952e9000-7fe7952ea000 ---p 00000000 00:00 0 
7fe7952ea000-7fe7953ea000 rw-p 00000000 00:00 0 
7fe7953ea000-7fe7953ed000 ---p 00000000 00:00 0 
7fe7953ed000-7fe7954eb000 rw-p 00000000 00:00 0 
7fe7954eb000-7fe7954ec000 ---p 00000000 00:00 0 
7fe7954ec000-7fe7954ef000 ---p 00000000 00:00 0 
7fe7954ef000-7fe7955ec000 rw-p 00000000 00:00 0 
7fe7955ec000-7fe7955ed000 ---p 00000000 00:00 0 
7fe7955ed000-7fe7955f0000 ---p 00000000 00:00 0 
7fe7955f0000-7fe7956ed000 rw-p 00000000 00:00 0 
7fe7956ed000-7fe7956ee000 ---p 00000000 00:00 0 
7fe7956ee000-7fe7956f1000 ---p 00000000 00:00 0 
7fe7956f1000-7fe7957ee000 rw-p 00000000 00:00 0 
7fe7957ee000-7fe7957ef000 ---p 00000000 00:00 0 
7fe7957ef000-7fe7957f2000 ---p 00000000 00:00 0 
7fe7957f2000-7fe7958ef000 rw-p 00000000 00:00 0 
7fe7958ef000-7fe7958f2000 ---p 00000000 00:00 0 
7fe7958f2000-7fe7959f0000 rw-p 00000000 00:00 0 
7fe7959f0000-7fe7968e9000 r--p 00000000 08:03 7999670                    /usr/lib/locale/locale-archive
7fe7968e9000-7fe7968ec000 ---p 00000000 00:00 0 
7fe7968ec000-7fe7969ea000 rw-p 00000000 00:00 0 
7fe7969ea000-7fe7969ed000 ---p 00000000 00:00 0 
7fe7969ed000-7fe796aeb000 rw-p 00000000 00:00 0 
7fe796aeb000-7fe796aec000 ---p 00000000 00:00 0 
7fe796aec000-7fe798000000 rw-p 00000000 00:00 0 
7fe798000000-7fe798021000 rw-p 00000000 00:00 0 
7fe798021000-7fe79c000000 ---p 00000000 00:00 0 
7fe79c000000-7fe79c001000 r--s 00007000 08:03 95683886                   /home/zilu/.gradle/wrapper/dists/gradle-4.1-all/bzyivzo6n839fup2jbap0tjew/gradle-4.1/lib/slf4j-api-1.7.10.jar
7fe79c001000-7fe79c00b000 r--s 00117000 08:03 8001778                    /usr/lib/jvm/java-8-openjdk-amd64/jre/lib/ext/localedata.jar
7fe79c00b000-7fe79c00d000 r--s 0000c000 08:03 9834725                    /usr/share/java/java-atk-wrapper.jar
7fe79c00d000-7fe79c00f000 r--s 00001000 08:03 8001775                    /usr/lib/jvm/java-8-openjdk-amd64/jre/lib/ext/dnsns.jar
7fe79c00f000-7fe79c012000 r--s 0000f000 08:03 8001776                    /usr/lib/jvm/java-8-openjdk-amd64/jre/lib/ext/icedtea-sound.jar
7fe79c012000-7fe79d000000 rw-p 00000000 00:00 0 
7fe79d000000-7fe79d480000 rwxp 00000000 00:00 0 
7fe79d480000-7fe7ac000000 ---p 00000000 00:00 0 
7fe7ac000000-7fe7acf04000 rw-p 00000000 00:00 0 
7fe7acf04000-7fe7b0000000 ---p 00000000 00:00 0 
7fe7b0000000-7fe7b0001000 r--s 00004000 08:03 95683898                   /home/zilu/.gradle/wrapper/dists/gradle-4.1-all/bzyivzo6n839fup2jbap0tjew/gradle-4.1/lib/ant-launcher-1.9.6.jar
7fe7b0001000-7fe7b0002000 r--s 0000a000 08:03 8001777                    /usr/lib/jvm/java-8-openjdk-amd64/jre/lib/ext/jaccess.jar
7fe7b0002000-7fe7b0003000 r--s 00010000 08:03 8001783                    /usr/lib/jvm/java-8-openjdk-amd64/jre/lib/ext/zipfs.jar
7fe7b0003000-7fe7b0093000 rw-p 00000000 00:00 0 
7fe7b0093000-7fe7b0265000 r--s 03ca8000 08:03 8001803                    /usr/lib/jvm/java-8-openjdk-amd64/jre/lib/rt.jar
7fe7b0265000-7fe7b2572000 rw-p 00000000 00:00 0 
7fe7b2572000-7fe7b2573000 ---p 00000000 00:00 0 
7fe7b2573000-7fe7b2673000 rw-p 00000000 00:00 0 
7fe7b2673000-7fe7b2674000 ---p 00000000 00:00 0 
7fe7b2674000-7fe7b2774000 rw-p 00000000 00:00 0 
7fe7b2774000-7fe7b2775000 ---p 00000000 00:00 0 
7fe7b2775000-7fe7b2875000 rw-p 00000000 00:00 0 
7fe7b2875000-7fe7b2876000 ---p 00000000 00:00 0 
7fe7b2876000-7fe7b2976000 rw-p 00000000 00:00 0 
7fe7b2976000-7fe7b2977000 ---p 00000000 00:00 0 
7fe7b2977000-7fe7b2a77000 rw-p 00000000 00:00 0 
7fe7b2a77000-7fe7b2a78000 ---p 00000000 00:00 0 
7fe7b2a78000-7fe7b2b78000 rw-p 00000000 00:00 0 
7fe7b2b78000-7fe7b2b79000 ---p 00000000 00:00 0 
7fe7b2b79000-7fe7b2c79000 rw-p 00000000 00:00 0 
7fe7b2c79000-7fe7b2c7a000 ---p 00000000 00:00 0 
7fe7b2c7a000-7fe7b2da4000 rw-p 00000000 00:00 0 
7fe7b2da4000-7fe7b2ed0000 ---p 00000000 00:00 0 
7fe7b2ed0000-7fe7b2efa000 rw-p 00000000 00:00 0 
7fe7b2efa000-7fe7b3025000 ---p 00000000 00:00 0 
7fe7b3025000-7fe7b304a000 rw-p 00000000 00:00 0 
7fe7b304a000-7fe7b30d0000 ---p 00000000 00:00 0 
7fe7b30d0000-7fe7b30e3000 rw-p 00000000 00:00 0 
7fe7b30e3000-7fe7b3491000 ---p 00000000 00:00 0 
7fe7b3491000-7fe7b3494000 r--p 00000000 08:03 8001760                    /usr/lib/jvm/java-8-openjdk-amd64/jre/lib/amd64/libzip.so
7fe7b3494000-7fe7b3499000 r-xp 00003000 08:03 8001760                    /usr/lib/jvm/java-8-openjdk-amd64/jre/lib/amd64/libzip.so
7fe7b3499000-7fe7b349b000 r--p 00008000 08:03 8001760                    /usr/lib/jvm/java-8-openjdk-amd64/jre/lib/amd64/libzip.so
7fe7b349b000-7fe7b349c000 r--p 00009000 08:03 8001760                    /usr/lib/jvm/java-8-openjdk-amd64/jre/lib/amd64/libzip.so
7fe7b349c000-7fe7b349d000 rw-p 0000a000 08:03 8001760                    /usr/lib/jvm/java-8-openjdk-amd64/jre/lib/amd64/libzip.so
7fe7b349d000-7fe7b34a0000 r--p 00000000 08:03 8522615                    /usr/lib/x86_64-linux-gnu/libnss_files-2.31.so
7fe7b34a0000-7fe7b34a7000 r-xp 00003000 08:03 8522615                    /usr/lib/x86_64-linux-gnu/libnss_files-2.31.so
7fe7b34a7000-7fe7b34a9000 r--p 0000a000 08:03 8522615                    /usr/lib/x86_64-linux-gnu/libnss_files-2.31.so
7fe7b34a9000-7fe7b34aa000 r--p 0000b000 08:03 8522615                    /usr/lib/x86_64-linux-gnu/libnss_files-2.31.so
7fe7b34aa000-7fe7b34ab000 rw-p 0000c000 08:03 8522615                    /usr/lib/x86_64-linux-gnu/libnss_files-2.31.so
7fe7b34ab000-7fe7b34b1000 rw-p 00000000 00:00 0 
7fe7b34b1000-7fe7b34b2000 r--s 0000d000 08:03 8001780                    /usr/lib/jvm/java-8-openjdk-amd64/jre/lib/ext/sunec.jar
7fe7b34b2000-7fe7b34b6000 r--s 0003a000 08:03 8001782                    /usr/lib/jvm/java-8-openjdk-amd64/jre/lib/ext/sunpkcs11.jar
7fe7b34b6000-7fe7b34bc000 r--s 0003d000 08:03 8001781                    /usr/lib/jvm/java-8-openjdk-amd64/jre/lib/ext/sunjce_provider.jar
7fe7b34bc000-7fe7b34c4000 rw-s 00000000 08:03 74715930                   /tmp/hsperfdata_zilu/40476
7fe7b34c4000-7fe7b34c5000 rw-p 00000000 00:00 0 
7fe7b34c5000-7fe7b34d2000 r--p 00000000 08:03 8001741                    /usr/lib/jvm/java-8-openjdk-amd64/jre/lib/amd64/libjava.so
7fe7b34d2000-7fe7b34ea000 r-xp 0000d000 08:03 8001741                    /usr/lib/jvm/java-8-openjdk-amd64/jre/lib/amd64/libjava.so
7fe7b34ea000-7fe7b34f1000 r--p 00025000 08:03 8001741                    /usr/lib/jvm/java-8-openjdk-amd64/jre/lib/amd64/libjava.so
7fe7b34f1000-7fe7b34f2000 r--p 0002b000 08:03 8001741                    /usr/lib/jvm/java-8-openjdk-amd64/jre/lib/amd64/libjava.so
7fe7b34f2000-7fe7b34f4000 rw-p 0002c000 08:03 8001741                    /usr/lib/jvm/java-8-openjdk-amd64/jre/lib/amd64/libjava.so
7fe7b34f4000-7fe7b34f7000 r--p 00000000 08:03 8522880                    /usr/lib/x86_64-linux-gnu/librt-2.31.so
7fe7b34f7000-7fe7b34fb000 r-xp 00003000 08:03 8522880                    /usr/lib/x86_64-linux-gnu/librt-2.31.so
7fe7b34fb000-7fe7b34fc000 r--p 00007000 08:03 8522880                    /usr/lib/x86_64-linux-gnu/librt-2.31.so
7fe7b34fc000-7fe7b34fd000 ---p 00008000 08:03 8522880                    /usr/lib/x86_64-linux-gnu/librt-2.31.so
7fe7b34fd000-7fe7b34fe000 r--p 00008000 08:03 8522880                    /usr/lib/x86_64-linux-gnu/librt-2.31.so
7fe7b34fe000-7fe7b34ff000 rw-p 00009000 08:03 8522880                    /usr/lib/x86_64-linux-gnu/librt-2.31.so
7fe7b34ff000-7fe7b3500000 ---p 00000000 00:00 0 
7fe7b3500000-7fe7b3503000 ---p 00000000 00:00 0 
7fe7b3503000-7fe7b3600000 rw-p 00000000 00:00 0 
7fe7b3600000-7fe7b3603000 r--p 00000000 08:03 8522003                    /usr/lib/x86_64-linux-gnu/libgcc_s.so.1
7fe7b3603000-7fe7b3615000 r-xp 00003000 08:03 8522003                    /usr/lib/x86_64-linux-gnu/libgcc_s.so.1
7fe7b3615000-7fe7b3619000 r--p 00015000 08:03 8522003                    /usr/lib/x86_64-linux-gnu/libgcc_s.so.1
7fe7b3619000-7fe7b361a000 r--p 00018000 08:03 8522003                    /usr/lib/x86_64-linux-gnu/libgcc_s.so.1
7fe7b361a000-7fe7b361b000 rw-p 00019000 08:03 8522003                    /usr/lib/x86_64-linux-gnu/libgcc_s.so.1
7fe7b361b000-7fe7b362a000 r--p 00000000 08:03 8522481                    /usr/lib/x86_64-linux-gnu/libm-2.31.so
7fe7b362a000-7fe7b36d1000 r-xp 0000f000 08:03 8522481                    /usr/lib/x86_64-linux-gnu/libm-2.31.so
7fe7b36d1000-7fe7b3768000 r--p 000b6000 08:03 8522481                    /usr/lib/x86_64-linux-gnu/libm-2.31.so
7fe7b3768000-7fe7b3769000 r--p 0014c000 08:03 8522481                    /usr/lib/x86_64-linux-gnu/libm-2.31.so
7fe7b3769000-7fe7b376a000 rw-p 0014d000 08:03 8522481                    /usr/lib/x86_64-linux-gnu/libm-2.31.so
7fe7b376a000-7fe7b3800000 r--p 00000000 08:03 8522977                    /usr/lib/x86_64-linux-gnu/libstdc++.so.6.0.28
7fe7b3800000-7fe7b38f0000 r-xp 00096000 08:03 8522977                    /usr/lib/x86_64-linux-gnu/libstdc++.so.6.0.28
7fe7b38f0000-7fe7b3939000 r--p 00186000 08:03 8522977                    /usr/lib/x86_64-linux-gnu/libstdc++.so.6.0.28
7fe7b3939000-7fe7b393a000 ---p 001cf000 08:03 8522977                    /usr/lib/x86_64-linux-gnu/libstdc++.so.6.0.28
7fe7b393a000-7fe7b3945000 r--p 001cf000 08:03 8522977                    /usr/lib/x86_64-linux-gnu/libstdc++.so.6.0.28
7fe7b3945000-7fe7b3948000 rw-p 001da000 08:03 8522977                    /usr/lib/x86_64-linux-gnu/libstdc++.so.6.0.28
7fe7b3948000-7fe7b394b000 rw-p 00000000 00:00 0 
7fe7b394b000-7fe7b3b3c000 r--p 00000000 08:03 8001763                    /usr/lib/jvm/java-8-openjdk-amd64/jre/lib/amd64/server/libjvm.so
7fe7b3b3c000-7fe7b43fd000 r-xp 001f1000 08:03 8001763                    /usr/lib/jvm/java-8-openjdk-amd64/jre/lib/amd64/server/libjvm.so
7fe7b43fd000-7fe7b459c000 r--p 00ab2000 08:03 8001763                    /usr/lib/jvm/java-8-openjdk-amd64/jre/lib/amd64/server/libjvm.so
7fe7b459c000-7fe7b4631000 r--p 00c50000 08:03 8001763                    /usr/lib/jvm/java-8-openjdk-amd64/jre/lib/amd64/server/libjvm.so
7fe7b4631000-7fe7b465a000 rw-p 00ce5000 08:03 8001763                    /usr/lib/jvm/java-8-openjdk-amd64/jre/lib/amd64/server/libjvm.so
7fe7b465a000-7fe7b468c000 rw-p 00000000 00:00 0 
7fe7b468c000-7fe7b4693000 r--p 00000000 08:03 8522826                    /usr/lib/x86_64-linux-gnu/libpthread-2.31.so
7fe7b4693000-7fe7b46a4000 r-xp 00007000 08:03 8522826                    /usr/lib/x86_64-linux-gnu/libpthread-2.31.so
7fe7b46a4000-7fe7b46a9000 r--p 00018000 08:03 8522826                    /usr/lib/x86_64-linux-gnu/libpthread-2.31.so
7fe7b46a9000-7fe7b46aa000 r--p 0001c000 08:03 8522826                    /usr/lib/x86_64-linux-gnu/libpthread-2.31.so
7fe7b46aa000-7fe7b46ab000 rw-p 0001d000 08:03 8522826                    /usr/lib/x86_64-linux-gnu/libpthread-2.31.so
7fe7b46ab000-7fe7b46af000 rw-p 00000000 00:00 0 
7fe7b46af000-7fe7b46b0000 r--p 00000000 08:03 8521841                    /usr/lib/x86_64-linux-gnu/libdl-2.31.so
7fe7b46b0000-7fe7b46b2000 r-xp 00001000 08:03 8521841                    /usr/lib/x86_64-linux-gnu/libdl-2.31.so
7fe7b46b2000-7fe7b46b3000 r--p 00003000 08:03 8521841                    /usr/lib/x86_64-linux-gnu/libdl-2.31.so
7fe7b46b3000-7fe7b46b4000 r--p 00003000 08:03 8521841                    /usr/lib/x86_64-linux-gnu/libdl-2.31.so
7fe7b46b4000-7fe7b46b5000 rw-p 00004000 08:03 8521841                    /usr/lib/x86_64-linux-gnu/libdl-2.31.so
7fe7b46b5000-7fe7b46b7000 r--p 00000000 08:03 8523262                    /usr/lib/x86_64-linux-gnu/libz.so.1.2.11
7fe7b46b7000-7fe7b46c8000 r-xp 00002000 08:03 8523262                    /usr/lib/x86_64-linux-gnu/libz.so.1.2.11
7fe7b46c8000-7fe7b46ce000 r--p 00013000 08:03 8523262                    /usr/lib/x86_64-linux-gnu/libz.so.1.2.11
7fe7b46ce000-7fe7b46cf000 ---p 00019000 08:03 8523262                    /usr/lib/x86_64-linux-gnu/libz.so.1.2.11
7fe7b46cf000-7fe7b46d0000 r--p 00019000 08:03 8523262                    /usr/lib/x86_64-linux-gnu/libz.so.1.2.11
7fe7b46d0000-7fe7b46d1000 rw-p 0001a000 08:03 8523262                    /usr/lib/x86_64-linux-gnu/libz.so.1.2.11
7fe7b46d1000-7fe7b46f6000 r--p 00000000 08:03 8521690                    /usr/lib/x86_64-linux-gnu/libc-2.31.so
7fe7b46f6000-7fe7b486e000 r-xp 00025000 08:03 8521690                    /usr/lib/x86_64-linux-gnu/libc-2.31.so
7fe7b486e000-7fe7b48b8000 r--p 0019d000 08:03 8521690                    /usr/lib/x86_64-linux-gnu/libc-2.31.so
7fe7b48b8000-7fe7b48b9000 ---p 001e7000 08:03 8521690                    /usr/lib/x86_64-linux-gnu/libc-2.31.so
7fe7b48b9000-7fe7b48bc000 r--p 001e7000 08:03 8521690                    /usr/lib/x86_64-linux-gnu/libc-2.31.so
7fe7b48bc000-7fe7b48bf000 rw-p 001ea000 08:03 8521690                    /usr/lib/x86_64-linux-gnu/libc-2.31.so
7fe7b48bf000-7fe7b48c3000 rw-p 00000000 00:00 0 
7fe7b48c3000-7fe7b48c8000 r--p 00000000 08:03 8001759                    /usr/lib/jvm/java-8-openjdk-amd64/jre/lib/amd64/libverify.so
7fe7b48c8000-7fe7b48d1000 r-xp 00005000 08:03 8001759                    /usr/lib/jvm/java-8-openjdk-amd64/jre/lib/amd64/libverify.so
7fe7b48d1000-7fe7b48d3000 r--p 0000e000 08:03 8001759                    /usr/lib/jvm/java-8-openjdk-amd64/jre/lib/amd64/libverify.so
7fe7b48d3000-7fe7b48d5000 r--p 0000f000 08:03 8001759                    /usr/lib/jvm/java-8-openjdk-amd64/jre/lib/amd64/libverify.so
7fe7b48d5000-7fe7b48d6000 rw-p 00011000 08:03 8001759                    /usr/lib/jvm/java-8-openjdk-amd64/jre/lib/amd64/libverify.so
7fe7b48d6000-7fe7b48d9000 r--p 00000000 08:03 8001727                    /usr/lib/jvm/java-8-openjdk-amd64/jre/lib/amd64/jli/libjli.so
7fe7b48d9000-7fe7b48e3000 r-xp 00003000 08:03 8001727                    /usr/lib/jvm/java-8-openjdk-amd64/jre/lib/amd64/jli/libjli.so
7fe7b48e3000-7fe7b48e6000 r--p 0000d000 08:03 8001727                    /usr/lib/jvm/java-8-openjdk-amd64/jre/lib/amd64/jli/libjli.so
7fe7b48e6000-7fe7b48e7000 r--p 0000f000 08:03 8001727                    /usr/lib/jvm/java-8-openjdk-amd64/jre/lib/amd64/jli/libjli.so
7fe7b48e7000-7fe7b48e8000 rw-p 00010000 08:03 8001727                    /usr/lib/jvm/java-8-openjdk-amd64/jre/lib/amd64/jli/libjli.so
7fe7b48e8000-7fe7b48ea000 rw-p 00000000 00:00 0 
7fe7b48ea000-7fe7b48eb000 r--p 00000000 08:03 8521308                    /usr/lib/x86_64-linux-gnu/ld-2.31.so
7fe7b48eb000-7fe7b490e000 r-xp 00001000 08:03 8521308                    /usr/lib/x86_64-linux-gnu/ld-2.31.so
7fe7b490e000-7fe7b4916000 r--p 00024000 08:03 8521308                    /usr/lib/x86_64-linux-gnu/ld-2.31.so
7fe7b4916000-7fe7b4917000 ---p 00000000 00:00 0 
7fe7b4917000-7fe7b4918000 r--p 0002c000 08:03 8521308                    /usr/lib/x86_64-linux-gnu/ld-2.31.so
7fe7b4918000-7fe7b4919000 rw-p 0002d000 08:03 8521308                    /usr/lib/x86_64-linux-gnu/ld-2.31.so
7fe7b4919000-7fe7b491a000 rw-p 00000000 00:00 0 
7ffec8a6f000-7ffec8a91000 rw-p 00000000 00:00 0                          [stack]
7ffec8ae3000-7ffec8ae6000 r--p 00000000 00:00 0                          [vvar]
7ffec8ae6000-7ffec8ae7000 r-xp 00000000 00:00 0                          [vdso]
ffffffffff600000-ffffffffff601000 --xp 00000000 00:00 0                  [vsyscall]

VM Arguments:
jvm_args: -XX:+HeapDumpOnOutOfMemoryError -Xmx1024m -Dfile.encoding=UTF-8 -Duser.country=US -Duser.language=en -Duser.variant 
java_command: org.gradle.launcher.daemon.bootstrap.GradleDaemon 4.1
java_class_path (initial): /home/zilu/.gradle/wrapper/dists/gradle-4.1-all/bzyivzo6n839fup2jbap0tjew/gradle-4.1/lib/gradle-launcher-4.1.jar
Launcher Type: SUN_STANDARD

Environment Variables:
PATH=/home/zilu/Documents/swadhyay/slate/android/node_modules/.bin:/home/zilu/Documents/swadhyay/slate/node_modules/.bin:/home/zilu/Documents/swadhyay/node_modules/.bin:/home/zilu/Documents/node_modules/.bin:/home/zilu/node_modules/.bin:/home/node_modules/.bin:/node_modules/.bin:/usr/bin:/home/zilu/Documents/swadhyay/slate/node_modules/.bin:/usr/local/sbin:/usr/local/bin:/usr/sbin:/usr/bin:/sbin:/bin:/usr/games:/usr/local/games:/home/zilu/Documents/IDE/android-studio/bin/:/home/zilu/Android/Sdk/platform-tools/
USERNAME=zilu
SHELL=/bin/bash
DISPLAY=:1

Signal Handlers:
SIGSEGV: [libjvm.so+0xa8c6a0], sa_mask[0]=11111111011111111101111111111110, sa_flags=SA_RESTART|SA_SIGINFO
SIGBUS: [libjvm.so+0xa8c6a0], sa_mask[0]=11111111011111111101111111111110, sa_flags=SA_RESTART|SA_SIGINFO
SIGFPE: [libjvm.so+0x8e14c0], sa_mask[0]=11111111011111111101111111111110, sa_flags=SA_RESTART|SA_SIGINFO
SIGPIPE: [libjvm.so+0x8e14c0], sa_mask[0]=11111111011111111101111111111110, sa_flags=SA_RESTART|SA_SIGINFO
SIGXFSZ: [libjvm.so+0x8e14c0], sa_mask[0]=11111111011111111101111111111110, sa_flags=SA_RESTART|SA_SIGINFO
SIGILL: [libjvm.so+0x8e14c0], sa_mask[0]=11111111011111111101111111111110, sa_flags=SA_RESTART|SA_SIGINFO
SIGUSR1: SIG_DFL, sa_mask[0]=00000000000000000000000000000000, sa_flags=none
SIGUSR2: [libjvm.so+0x8e1370], sa_mask[0]=00100000000000000000000000000000, sa_flags=SA_RESTART|SA_SIGINFO
SIGHUP: [libjvm.so+0x8e1740], sa_mask[0]=11111111011111111101111111111110, sa_flags=SA_RESTART|SA_SIGINFO
SIGINT: [libjvm.so+0x8e1740], sa_mask[0]=11111111011111111101111111111110, sa_flags=SA_RESTART|SA_SIGINFO
SIGTERM: [libjvm.so+0x8e1740], sa_mask[0]=11111111011111111101111111111110, sa_flags=SA_RESTART|SA_SIGINFO
SIGQUIT: [libjvm.so+0x8e1740], sa_mask[0]=11111111011111111101111111111110, sa_flags=SA_RESTART|SA_SIGINFO


---------------  S Y S T E M  ---------------

OS:DISTRIB_ID=Pop
DISTRIB_RELEASE=20.04
DISTRIB_CODENAME=focal
DISTRIB_DESCRIPTION="Pop!_OS 20.04 LTS"

uname:Linux 5.4.0-7626-generic #30~1588169883~20.04~bbe668a-Ubuntu SMP Wed Apr 29 21:00:02 UTC  x86_64
libc:glibc 2.31 NPTL 2.31 
rlimit: STACK 8192k, CORE 0k, NPROC 31126, NOFILE 1048576, AS infinity
load average:2.81 2.04 1.43

/proc/meminfo:
MemTotal:        8058728 kB
MemFree:          208800 kB
MemAvailable:    2709148 kB
Buffers:          188096 kB
Cached:          2914936 kB
SwapCached:        11444 kB
Active:          5372932 kB
Inactive:        1815388 kB
Active(anon):    3742388 kB
Inactive(anon):   889768 kB
Active(file):    1630544 kB
Inactive(file):   925620 kB
Unevictable:       58076 kB
Mlocked:              96 kB
SwapTotal:       4193784 kB
SwapFree:        3704824 kB
Dirty:               112 kB
Writeback:             0 kB
AnonPages:       4135852 kB
Mapped:           760368 kB
Shmem:            554888 kB
KReclaimable:     253020 kB
Slab:             428836 kB
SReclaimable:     253020 kB
SUnreclaim:       175816 kB
KernelStack:       20688 kB
PageTables:        50568 kB
NFS_Unstable:          0 kB
Bounce:                0 kB
WritebackTmp:          0 kB
CommitLimit:     8223148 kB
Committed_AS:   13983612 kB
VmallocTotal:   34359738367 kB
VmallocUsed:       41252 kB
VmallocChunk:          0 kB
Percpu:             5248 kB
HardwareCorrupted:     0 kB
AnonHugePages:         0 kB
ShmemHugePages:        0 kB
ShmemPmdMapped:        0 kB
FileHugePages:         0 kB
FilePmdMapped:         0 kB
CmaTotal:              0 kB
CmaFree:               0 kB
HugePages_Total:       0
HugePages_Free:        0
HugePages_Rsvd:        0
HugePages_Surp:        0
Hugepagesize:       2048 kB
Hugetlb:               0 kB
DirectMap4k:      474740 kB
DirectMap2M:     7821312 kB
DirectMap1G:           0 kB

container (cgroup) information:
container_type: cgroupv1
cpu_cpuset_cpus: 0-7
cpu_memory_nodes: 0
active_processor_count: 8
cpu_quota: -1
cpu_period: 100000
cpu_shares: -1
memory_limit_in_bytes: -1
memory_and_swap_limit_in_bytes: -2
memory_soft_limit_in_bytes: -1
memory_usage_in_bytes: 7242788864
memory_max_usage_in_bytes: 7418068992


CPU:total 8 (initial active 8) (4 cores per cpu, 2 threads per core) family 6 model 142 stepping 10, cmov, cx8, fxsr, mmx, sse, sse2, sse3, ssse3, sse4.1, sse4.2, popcnt, avx, avx2, aes, clmul, erms, 3dnowpref, lzcnt, ht, tsc, tscinvbit, bmi1, bmi2, adx

/proc/cpuinfo:
processor	: 0
vendor_id	: GenuineIntel
cpu family	: 6
model		: 142
model name	: Intel(R) Core(TM) i5-8250U CPU @ 1.60GHz
stepping	: 10
microcode	: 0xca
cpu MHz		: 1600.000
cache size	: 6144 KB
physical id	: 0
siblings	: 8
core id		: 0
cpu cores	: 4
apicid		: 0
initial apicid	: 0
fpu		: yes
fpu_exception	: yes
cpuid level	: 22
wp		: yes
flags		: fpu vme de pse tsc msr pae mce cx8 apic sep mtrr pge mca cmov pat pse36 clflush dts acpi mmx fxsr sse sse2 ss ht tm pbe syscall nx pdpe1gb rdtscp lm constant_tsc art arch_perfmon pebs bts rep_good nopl xtopology nonstop_tsc cpuid aperfmperf pni pclmulqdq dtes64 monitor ds_cpl vmx est tm2 ssse3 sdbg fma cx16 xtpr pdcm pcid sse4_1 sse4_2 x2apic movbe popcnt tsc_deadline_timer aes xsave avx f16c rdrand lahf_lm abm 3dnowprefetch cpuid_fault invpcid_single pti ssbd ibrs ibpb stibp tpr_shadow vnmi flexpriority ept vpid ept_ad fsgsbase tsc_adjust bmi1 avx2 smep bmi2 erms invpcid mpx rdseed adx smap clflushopt intel_pt xsaveopt xsavec xgetbv1 xsaves dtherm ida arat pln pts hwp hwp_notify hwp_act_window hwp_epp md_clear flush_l1d
bugs		: cpu_meltdown spectre_v1 spectre_v2 spec_store_bypass l1tf mds swapgs itlb_multihit
bogomips	: 3600.00
clflush size	: 64
cache_alignment	: 64
address sizes	: 39 bits physical, 48 bits virtual
power management:

processor	: 1
vendor_id	: GenuineIntel
cpu family	: 6
model		: 142
model name	: Intel(R) Core(TM) i5-8250U CPU @ 1.60GHz
stepping	: 10
microcode	: 0xca
cpu MHz		: 1600.000
cache size	: 6144 KB
physical id	: 0
siblings	: 8
core id		: 1
cpu cores	: 4
apicid		: 2
initial apicid	: 2
fpu		: yes
fpu_exception	: yes
cpuid level	: 22
wp		: yes
flags		: fpu vme de pse tsc msr pae mce cx8 apic sep mtrr pge mca cmov pat pse36 clflush dts acpi mmx fxsr sse sse2 ss ht tm pbe syscall nx pdpe1gb rdtscp lm constant_tsc art arch_perfmon pebs bts rep_good nopl xtopology nonstop_tsc cpuid aperfmperf pni pclmulqdq dtes64 monitor ds_cpl vmx est tm2 ssse3 sdbg fma cx16 xtpr pdcm pcid sse4_1 sse4_2 x2apic movbe popcnt tsc_deadline_timer aes xsave avx f16c rdrand lahf_lm abm 3dnowprefetch cpuid_fault invpcid_single pti ssbd ibrs ibpb stibp tpr_shadow vnmi flexpriority ept vpid ept_ad fsgsbase tsc_adjust bmi1 avx2 smep bmi2 erms invpcid mpx rdseed adx smap clflushopt intel_pt xsaveopt xsavec xgetbv1 xsaves dtherm ida arat pln pts hwp hwp_notify hwp_act_window hwp_epp md_clear flush_l1d
bugs		: cpu_meltdown spectre_v1 spectre_v2 spec_store_bypass l1tf mds swapgs itlb_multihit
bogomips	: 3600.00
clflush size	: 64
cache_alignment	: 64
address sizes	: 39 bits physical, 48 bits virtual
power management:

processor	: 2
vendor_id	: GenuineIntel
cpu family	: 6
model		: 142
model name	: Intel(R) Core(TM) i5-8250U CPU @ 1.60GHz
stepping	: 10
microcode	: 0xca
cpu MHz		: 1599.999
cache size	: 6144 KB
physical id	: 0
siblings	: 8
core id		: 2
cpu cores	: 4
apicid		: 4
initial apicid	: 4
fpu		: yes
fpu_exception	: yes
cpuid level	: 22
wp		: yes
flags		: fpu vme de pse tsc msr pae mce cx8 apic sep mtrr pge mca cmov pat pse36 clflush dts acpi mmx fxsr sse sse2 ss ht tm pbe syscall nx pdpe1gb rdtscp lm constant_tsc art arch_perfmon pebs bts rep_good nopl xtopology nonstop_tsc cpuid aperfmperf pni pclmulqdq dtes64 monitor ds_cpl vmx est tm2 ssse3 sdbg fma cx16 xtpr pdcm pcid sse4_1 sse4_2 x2apic movbe popcnt tsc_deadline_timer aes xsave avx f16c rdrand lahf_lm abm 3dnowprefetch cpuid_fault invpcid_single pti ssbd ibrs ibpb stibp tpr_shadow vnmi flexpriority ept vpid ept_ad fsgsbase tsc_adjust bmi1 avx2 smep bmi2 erms invpcid mpx rdseed adx smap clflushopt intel_pt xsaveopt xsavec xgetbv1 xsaves dtherm ida arat pln pts hwp hwp_notify hwp_act_window hwp_epp md_clear flush_l1d
bugs		: cpu_meltdown spectre_v1 spectre_v2 spec_store_bypass l1tf mds swapgs itlb_multihit
bogomips	: 3600.00
clflush size	: 64
cache_alignment	: 64
address sizes	: 39 bits physical, 48 bits virtual
power management:

processor	: 3
vendor_id	: GenuineIntel
cpu family	: 6
model		: 142
model name	: Intel(R) Core(TM) i5-8250U CPU @ 1.60GHz
stepping	: 10
microcode	: 0xca
cpu MHz		: 1599.999
cache size	: 6144 KB
physical id	: 0
siblings	: 8
core id		: 3
cpu cores	: 4
apicid		: 6
initial apicid	: 6
fpu		: yes
fpu_exception	: yes
cpuid level	: 22
wp		: yes
flags		: fpu vme de pse tsc msr pae mce cx8 apic sep mtrr pge mca cmov pat pse36 clflush dts acpi mmx fxsr sse sse2 ss ht tm pbe syscall nx pdpe1gb rdtscp lm constant_tsc art arch_perfmon pebs bts rep_good nopl xtopology nonstop_tsc cpuid aperfmperf pni pclmulqdq dtes64 monitor ds_cpl vmx est tm2 ssse3 sdbg fma cx16 xtpr pdcm pcid sse4_1 sse4_2 x2apic movbe popcnt tsc_deadline_timer aes xsave avx f16c rdrand lahf_lm abm 3dnowprefetch cpuid_fault invpcid_single pti ssbd ibrs ibpb stibp tpr_shadow vnmi flexpriority ept vpid ept_ad fsgsbase tsc_adjust bmi1 avx2 smep bmi2 erms invpcid mpx rdseed adx smap clflushopt intel_pt xsaveopt xsavec xgetbv1 xsaves dtherm ida arat pln pts hwp hwp_notify hwp_act_window hwp_epp md_clear flush_l1d
bugs		: cpu_meltdown spectre_v1 spectre_v2 spec_store_bypass l1tf mds swapgs itlb_multihit
bogomips	: 3600.00
clflush size	: 64
cache_alignment	: 64
address sizes	: 39 bits physical, 48 bits virtual
power management:

processor	: 4
vendor_id	: GenuineIntel
cpu family	: 6
model		: 142
model name	: Intel(R) Core(TM) i5-8250U CPU @ 1.60GHz
stepping	: 10
microcode	: 0xca
cpu MHz		: 1600.000
cache size	: 6144 KB
physical id	: 0
siblings	: 8
core id		: 0
cpu cores	: 4
apicid		: 1
initial apicid	: 1
fpu		: yes
fpu_exception	: yes
cpuid level	: 22
wp		: yes
flags		: fpu vme de pse tsc msr pae mce cx8 apic sep mtrr pge mca cmov pat pse36 clflush dts acpi mmx fxsr sse sse2 ss ht tm pbe syscall nx pdpe1gb rdtscp lm constant_tsc art arch_perfmon pebs bts rep_good nopl xtopology nonstop_tsc cpuid aperfmperf pni pclmulqdq dtes64 monitor ds_cpl vmx est tm2 ssse3 sdbg fma cx16 xtpr pdcm pcid sse4_1 sse4_2 x2apic movbe popcnt tsc_deadline_timer aes xsave avx f16c rdrand lahf_lm abm 3dnowprefetch cpuid_fault invpcid_single pti ssbd ibrs ibpb stibp tpr_shadow vnmi flexpriority ept vpid ept_ad fsgsbase tsc_adjust bmi1 avx2 smep bmi2 erms invpcid mpx rdseed adx smap clflushopt intel_pt xsaveopt xsavec xgetbv1 xsaves dtherm ida arat pln pts hwp hwp_notify hwp_act_window hwp_epp md_clear flush_l1d
bugs		: cpu_meltdown spectre_v1 spectre_v2 spec_store_bypass l1tf mds swapgs itlb_multihit
bogomips	: 3600.00
clflush size	: 64
cache_alignment	: 64
address sizes	: 39 bits physical, 48 bits virtual
power management:

processor	: 5
vendor_id	: GenuineIntel
cpu family	: 6
model		: 142
model name	: Intel(R) Core(TM) i5-8250U CPU @ 1.60GHz
stepping	: 10
microcode	: 0xca
cpu MHz		: 1599.999
cache size	: 6144 KB
physical id	: 0
siblings	: 8
core id		: 1
cpu cores	: 4
apicid		: 3
initial apicid	: 3
fpu		: yes
fpu_exception	: yes
cpuid level	: 22
wp		: yes
flags		: fpu vme de pse tsc msr pae mce cx8 apic sep mtrr pge mca cmov pat pse36 clflush dts acpi mmx fxsr sse sse2 ss ht tm pbe syscall nx pdpe1gb rdtscp lm constant_tsc art arch_perfmon pebs bts rep_good nopl xtopology nonstop_tsc cpuid aperfmperf pni pclmulqdq dtes64 monitor ds_cpl vmx est tm2 ssse3 sdbg fma cx16 xtpr pdcm pcid sse4_1 sse4_2 x2apic movbe popcnt tsc_deadline_timer aes xsave avx f16c rdrand lahf_lm abm 3dnowprefetch cpuid_fault invpcid_single pti ssbd ibrs ibpb stibp tpr_shadow vnmi flexpriority ept vpid ept_ad fsgsbase tsc_adjust bmi1 avx2 smep bmi2 erms invpcid mpx rdseed adx smap clflushopt intel_pt xsaveopt xsavec xgetbv1 xsaves dtherm ida arat pln pts hwp hwp_notify hwp_act_window hwp_epp md_clear flush_l1d
bugs		: cpu_meltdown spectre_v1 spectre_v2 spec_store_bypass l1tf mds swapgs itlb_multihit
bogomips	: 3600.00
clflush size	: 64
cache_alignment	: 64
address sizes	: 39 bits physical, 48 bits virtual
power management:

processor	: 6
vendor_id	: GenuineIntel
cpu family	: 6
model		: 142
model name	: Intel(R) Core(TM) i5-8250U CPU @ 1.60GHz
stepping	: 10
microcode	: 0xca
cpu MHz		: 1600.000
cache size	: 6144 KB
physical id	: 0
siblings	: 8
core id		: 2
cpu cores	: 4
apicid		: 5
initial apicid	: 5
fpu		: yes
fpu_exception	: yes
cpuid level	: 22
wp		: yes
flags		: fpu vme de pse tsc msr pae mce cx8 apic sep mtrr pge mca cmov pat pse36 clflush dts acpi mmx fxsr sse sse2 ss ht tm pbe syscall nx pdpe1gb rdtscp lm constant_tsc art arch_perfmon pebs bts rep_good nopl xtopology nonstop_tsc cpuid aperfmperf pni pclmulqdq dtes64 monitor ds_cpl vmx est tm2 ssse3 sdbg fma cx16 xtpr pdcm pcid sse4_1 sse4_2 x2apic movbe popcnt tsc_deadline_timer aes xsave avx f16c rdrand lahf_lm abm 3dnowprefetch cpuid_fault invpcid_single pti ssbd ibrs ibpb stibp tpr_shadow vnmi flexpriority ept vpid ept_ad fsgsbase tsc_adjust bmi1 avx2 smep bmi2 erms invpcid mpx rdseed adx smap clflushopt intel_pt xsaveopt xsavec xgetbv1 xsaves dtherm ida arat pln pts hwp hwp_notify hwp_act_window hwp_epp md_clear flush_l1d
bugs		: cpu_meltdown spectre_v1 spectre_v2 spec_store_bypass l1tf mds swapgs itlb_multihit
bogomips	: 3600.00
clflush size	: 64
cache_alignment	: 64
address sizes	: 39 bits physical, 48 bits virtual
power management:

processor	: 7
vendor_id	: GenuineIntel
cpu family	: 6
model		: 142
model name	: Intel(R) Core(TM) i5-8250U CPU @ 1.60GHz
stepping	: 10
microcode	: 0xca
cpu MHz		: 1600.000
cache size	: 6144 KB
physical id	: 0
siblings	: 8
core id		: 3
cpu cores	: 4
apicid		: 7
initial apicid	: 7
fpu		: yes
fpu_exception	: yes
cpuid level	: 22
wp		: yes
flags		: fpu vme de pse tsc msr pae mce cx8 apic sep mtrr pge mca cmov pat pse36 clflush dts acpi mmx fxsr sse sse2 ss ht tm pbe syscall nx pdpe1gb rdtscp lm constant_tsc art arch_perfmon pebs bts rep_good nopl xtopology nonstop_tsc cpuid aperfmperf pni pclmulqdq dtes64 monitor ds_cpl vmx est tm2 ssse3 sdbg fma cx16 xtpr pdcm pcid sse4_1 sse4_2 x2apic movbe popcnt tsc_deadline_timer aes xsave avx f16c rdrand lahf_lm abm 3dnowprefetch cpuid_fault invpcid_single pti ssbd ibrs ibpb stibp tpr_shadow vnmi flexpriority ept vpid ept_ad fsgsbase tsc_adjust bmi1 avx2 smep bmi2 erms invpcid mpx rdseed adx smap clflushopt intel_pt xsaveopt xsavec xgetbv1 xsaves dtherm ida arat pln pts hwp hwp_notify hwp_act_window hwp_epp md_clear flush_l1d
bugs		: cpu_meltdown spectre_v1 spectre_v2 spec_store_bypass l1tf mds swapgs itlb_multihit
bogomips	: 3600.00
clflush size	: 64
cache_alignment	: 64
address sizes	: 39 bits physical, 48 bits virtual
power management:



Memory: 4k page, physical 8058728k(206028k free), swap 4193784k(3704824k free)

vm_info: OpenJDK 64-Bit Server VM (25.265-b01) for linux-amd64 JRE (1.8.0_265-8u265-b01-0ubuntu2~20.04-b01), built on Aug  3 2020 01:16:56 by "buildd" with gcc 9.3.0

time: Tue Sep  1 23:22:09 2020
timezone: IST
elapsed time: 1 seconds (0d 0h 0m 1s)

